[2024-11-11T10:52:31.171+0000] {local_task_job_runner.py:123} INFO - ::group::Pre task execution logs
[2024-11-11T10:52:31.181+0000] {taskinstance.py:2613} INFO - Dependencies all met for dep_context=non-requeueable deps ti=<TaskInstance: fetch_and_store_amazon_books.fetch_book_data scheduled__2024-09-24T00:00:00+00:00 [queued]>
[2024-11-11T10:52:31.186+0000] {taskinstance.py:2613} INFO - Dependencies all met for dep_context=requeueable deps ti=<TaskInstance: fetch_and_store_amazon_books.fetch_book_data scheduled__2024-09-24T00:00:00+00:00 [queued]>
[2024-11-11T10:52:31.186+0000] {taskinstance.py:2866} INFO - Starting attempt 1 of 2
[2024-11-11T10:52:31.195+0000] {taskinstance.py:2889} INFO - Executing <Task(PythonOperator): fetch_book_data> on 2024-09-24 00:00:00+00:00
[2024-11-11T10:52:31.201+0000] {warnings.py:112} WARNING - /home/***/.local/lib/python3.12/site-packages/***/task/task_runner/standard_task_runner.py:70: DeprecationWarning: This process (pid=944) is multi-threaded, use of fork() may lead to deadlocks in the child.
  pid = os.fork()

[2024-11-11T10:52:31.202+0000] {standard_task_runner.py:72} INFO - Started process 962 to run task
[2024-11-11T10:52:31.203+0000] {standard_task_runner.py:104} INFO - Running: ['***', 'tasks', 'run', 'fetch_and_store_amazon_books', 'fetch_book_data', 'scheduled__2024-09-24T00:00:00+00:00', '--job-id', '310', '--raw', '--subdir', 'DAGS_FOLDER/app.py', '--cfg-path', '/tmp/tmpu0rgc8dd']
[2024-11-11T10:52:31.203+0000] {standard_task_runner.py:105} INFO - Job 310: Subtask fetch_book_data
[2024-11-11T10:52:31.232+0000] {task_command.py:467} INFO - Running <TaskInstance: fetch_and_store_amazon_books.fetch_book_data scheduled__2024-09-24T00:00:00+00:00 [running]> on host a277cbbf8348
[2024-11-11T10:52:31.280+0000] {taskinstance.py:3132} INFO - Exporting env vars: AIRFLOW_CTX_DAG_OWNER='***' AIRFLOW_CTX_DAG_ID='fetch_and_store_amazon_books' AIRFLOW_CTX_TASK_ID='fetch_book_data' AIRFLOW_CTX_EXECUTION_DATE='2024-09-24T00:00:00+00:00' AIRFLOW_CTX_TRY_NUMBER='1' AIRFLOW_CTX_DAG_RUN_ID='scheduled__2024-09-24T00:00:00+00:00'
[2024-11-11T10:52:31.281+0000] {logging_mixin.py:190} INFO - Task instance is in running state
[2024-11-11T10:52:31.281+0000] {logging_mixin.py:190} INFO -  Previous state of the Task instance: queued
[2024-11-11T10:52:31.282+0000] {logging_mixin.py:190} INFO - Current task name:fetch_book_data state:running start_date:2024-11-11 10:52:31.181936+00:00
[2024-11-11T10:52:31.282+0000] {logging_mixin.py:190} INFO - Dag name:fetch_and_store_amazon_books and current dag run status:running
[2024-11-11T10:52:31.282+0000] {taskinstance.py:731} INFO - ::endgroup::
[2024-11-11T10:52:32.453+0000] {python.py:240} INFO - Done. Returned value was: None
[2024-11-11T10:52:32.465+0000] {taskinstance.py:340} INFO - ::group::Post task execution logs
[2024-11-11T10:52:32.466+0000] {taskinstance.py:352} INFO - Marking task as SUCCESS. dag_id=fetch_and_store_amazon_books, task_id=fetch_book_data, run_id=scheduled__2024-09-24T00:00:00+00:00, execution_date=20240924T000000, start_date=20241111T105231, end_date=20241111T105232
[2024-11-11T10:52:32.473+0000] {logging_mixin.py:190} INFO - Task instance in success state
[2024-11-11T10:52:32.474+0000] {logging_mixin.py:190} INFO -  Previous state of the Task instance: running
[2024-11-11T10:52:32.474+0000] {logging_mixin.py:190} INFO - Dag name:fetch_and_store_amazon_books queued_at:2024-11-11 10:52:29.736754+00:00
[2024-11-11T10:52:32.474+0000] {logging_mixin.py:190} INFO - Task hostname:a277cbbf8348 operator:PythonOperator
[2024-11-11T10:52:32.518+0000] {local_task_job_runner.py:266} INFO - Task exited with return code 0
[2024-11-11T10:52:32.549+0000] {taskinstance.py:3895} INFO - 1 downstream tasks scheduled from follow-on schedule check
[2024-11-11T10:52:32.552+0000] {local_task_job_runner.py:245} INFO - ::endgroup::
