[2024-11-11T10:41:20.080+0000] {local_task_job_runner.py:123} INFO - ::group::Pre task execution logs
[2024-11-11T10:41:20.107+0000] {taskinstance.py:2613} INFO - Dependencies all met for dep_context=non-requeueable deps ti=<TaskInstance: fetch_and_store_amazon_books.fetch_book_data scheduled__2024-06-25T00:00:00+00:00 [queued]>
[2024-11-11T10:41:20.114+0000] {taskinstance.py:2613} INFO - Dependencies all met for dep_context=requeueable deps ti=<TaskInstance: fetch_and_store_amazon_books.fetch_book_data scheduled__2024-06-25T00:00:00+00:00 [queued]>
[2024-11-11T10:41:20.115+0000] {taskinstance.py:2866} INFO - Starting attempt 1 of 2
[2024-11-11T10:41:20.160+0000] {taskinstance.py:2889} INFO - Executing <Task(PythonOperator): fetch_book_data> on 2024-06-25 00:00:00+00:00
[2024-11-11T10:41:20.176+0000] {warnings.py:112} WARNING - /home/***/.local/lib/python3.12/site-packages/***/task/task_runner/standard_task_runner.py:70: DeprecationWarning: This process (pid=278) is multi-threaded, use of fork() may lead to deadlocks in the child.
  pid = os.fork()

[2024-11-11T10:41:20.187+0000] {standard_task_runner.py:72} INFO - Started process 307 to run task
[2024-11-11T10:41:20.178+0000] {standard_task_runner.py:104} INFO - Running: ['***', 'tasks', 'run', 'fetch_and_store_amazon_books', 'fetch_book_data', 'scheduled__2024-06-25T00:00:00+00:00', '--job-id', '18', '--raw', '--subdir', 'DAGS_FOLDER/app.py', '--cfg-path', '/tmp/tmpmgkcuypn']
[2024-11-11T10:41:20.208+0000] {standard_task_runner.py:105} INFO - Job 18: Subtask fetch_book_data
[2024-11-11T10:41:20.405+0000] {task_command.py:467} INFO - Running <TaskInstance: fetch_and_store_amazon_books.fetch_book_data scheduled__2024-06-25T00:00:00+00:00 [running]> on host 9b97cedb77c2
[2024-11-11T10:41:20.556+0000] {taskinstance.py:3132} INFO - Exporting env vars: AIRFLOW_CTX_DAG_OWNER='***' AIRFLOW_CTX_DAG_ID='fetch_and_store_amazon_books' AIRFLOW_CTX_TASK_ID='fetch_book_data' AIRFLOW_CTX_EXECUTION_DATE='2024-06-25T00:00:00+00:00' AIRFLOW_CTX_TRY_NUMBER='1' AIRFLOW_CTX_DAG_RUN_ID='scheduled__2024-06-25T00:00:00+00:00'
[2024-11-11T10:41:20.560+0000] {logging_mixin.py:190} INFO - Task instance is in running state
[2024-11-11T10:41:20.561+0000] {logging_mixin.py:190} INFO -  Previous state of the Task instance: queued
[2024-11-11T10:41:20.563+0000] {logging_mixin.py:190} INFO - Current task name:fetch_book_data state:running start_date:2024-11-11 10:41:20.107976+00:00
[2024-11-11T10:41:20.564+0000] {logging_mixin.py:190} INFO - Dag name:fetch_and_store_amazon_books and current dag run status:running
[2024-11-11T10:41:20.564+0000] {taskinstance.py:731} INFO - ::endgroup::
[2024-11-11T10:41:25.183+0000] {python.py:240} INFO - Done. Returned value was: None
[2024-11-11T10:41:25.204+0000] {taskinstance.py:340} INFO - ::group::Post task execution logs
[2024-11-11T10:41:25.207+0000] {taskinstance.py:352} INFO - Marking task as SUCCESS. dag_id=fetch_and_store_amazon_books, task_id=fetch_book_data, run_id=scheduled__2024-06-25T00:00:00+00:00, execution_date=20240625T000000, start_date=20241111T104120, end_date=20241111T104125
[2024-11-11T10:41:25.237+0000] {logging_mixin.py:190} INFO - Task instance in success state
[2024-11-11T10:41:25.242+0000] {logging_mixin.py:190} INFO -  Previous state of the Task instance: running
[2024-11-11T10:41:25.245+0000] {logging_mixin.py:190} INFO - Dag name:fetch_and_store_amazon_books queued_at:2024-11-11 10:41:14.962532+00:00
[2024-11-11T10:41:25.247+0000] {logging_mixin.py:190} INFO - Task hostname:9b97cedb77c2 operator:PythonOperator
[2024-11-11T10:41:25.270+0000] {local_task_job_runner.py:266} INFO - Task exited with return code 0
[2024-11-11T10:41:25.332+0000] {taskinstance.py:3895} INFO - 1 downstream tasks scheduled from follow-on schedule check
[2024-11-11T10:41:25.336+0000] {local_task_job_runner.py:245} INFO - ::endgroup::
[2024-11-11T10:50:39.891+0000] {local_task_job_runner.py:123} INFO - ::group::Pre task execution logs
[2024-11-11T10:50:39.916+0000] {taskinstance.py:2613} INFO - Dependencies all met for dep_context=non-requeueable deps ti=<TaskInstance: fetch_and_store_amazon_books.fetch_book_data scheduled__2024-06-25T00:00:00+00:00 [queued]>
[2024-11-11T10:50:39.928+0000] {taskinstance.py:2613} INFO - Dependencies all met for dep_context=requeueable deps ti=<TaskInstance: fetch_and_store_amazon_books.fetch_book_data scheduled__2024-06-25T00:00:00+00:00 [queued]>
[2024-11-11T10:50:39.931+0000] {taskinstance.py:2866} INFO - Starting attempt 1 of 2
[2024-11-11T10:50:39.977+0000] {taskinstance.py:2889} INFO - Executing <Task(PythonOperator): fetch_book_data> on 2024-06-25 00:00:00+00:00
[2024-11-11T10:50:39.990+0000] {warnings.py:112} WARNING - /home/***/.local/lib/python3.12/site-packages/***/task/task_runner/standard_task_runner.py:70: DeprecationWarning: This process (pid=131) is multi-threaded, use of fork() may lead to deadlocks in the child.
  pid = os.fork()

[2024-11-11T10:50:39.992+0000] {standard_task_runner.py:72} INFO - Started process 166 to run task
[2024-11-11T10:50:40.006+0000] {standard_task_runner.py:104} INFO - Running: ['***', 'tasks', 'run', 'fetch_and_store_amazon_books', 'fetch_book_data', 'scheduled__2024-06-25T00:00:00+00:00', '--job-id', '55', '--raw', '--subdir', 'DAGS_FOLDER/app.py', '--cfg-path', '/tmp/tmpr87akz9q']
[2024-11-11T10:50:40.012+0000] {standard_task_runner.py:105} INFO - Job 55: Subtask fetch_book_data
[2024-11-11T10:50:40.141+0000] {task_command.py:467} INFO - Running <TaskInstance: fetch_and_store_amazon_books.fetch_book_data scheduled__2024-06-25T00:00:00+00:00 [running]> on host a277cbbf8348
[2024-11-11T10:50:40.219+0000] {taskinstance.py:3132} INFO - Exporting env vars: AIRFLOW_CTX_DAG_OWNER='***' AIRFLOW_CTX_DAG_ID='fetch_and_store_amazon_books' AIRFLOW_CTX_TASK_ID='fetch_book_data' AIRFLOW_CTX_EXECUTION_DATE='2024-06-25T00:00:00+00:00' AIRFLOW_CTX_TRY_NUMBER='1' AIRFLOW_CTX_DAG_RUN_ID='scheduled__2024-06-25T00:00:00+00:00'
[2024-11-11T10:50:40.220+0000] {logging_mixin.py:190} INFO - Task instance is in running state
[2024-11-11T10:50:40.221+0000] {logging_mixin.py:190} INFO -  Previous state of the Task instance: queued
[2024-11-11T10:50:40.221+0000] {logging_mixin.py:190} INFO - Current task name:fetch_book_data state:running start_date:2024-11-11 10:50:39.919012+00:00
[2024-11-11T10:50:40.221+0000] {logging_mixin.py:190} INFO - Dag name:fetch_and_store_amazon_books and current dag run status:running
[2024-11-11T10:50:40.221+0000] {taskinstance.py:731} INFO - ::endgroup::
[2024-11-11T10:50:42.043+0000] {python.py:240} INFO - Done. Returned value was: None
[2024-11-11T10:50:42.057+0000] {taskinstance.py:340} INFO - ::group::Post task execution logs
[2024-11-11T10:50:42.058+0000] {taskinstance.py:352} INFO - Marking task as SUCCESS. dag_id=fetch_and_store_amazon_books, task_id=fetch_book_data, run_id=scheduled__2024-06-25T00:00:00+00:00, execution_date=20240625T000000, start_date=20241111T105039, end_date=20241111T105042
[2024-11-11T10:50:42.069+0000] {logging_mixin.py:190} INFO - Task instance in success state
[2024-11-11T10:50:42.071+0000] {logging_mixin.py:190} INFO -  Previous state of the Task instance: running
[2024-11-11T10:50:42.071+0000] {logging_mixin.py:190} INFO - Dag name:fetch_and_store_amazon_books queued_at:2024-11-11 10:50:35.342479+00:00
[2024-11-11T10:50:42.072+0000] {logging_mixin.py:190} INFO - Task hostname:a277cbbf8348 operator:PythonOperator
[2024-11-11T10:50:42.107+0000] {local_task_job_runner.py:266} INFO - Task exited with return code 0
[2024-11-11T10:50:42.133+0000] {taskinstance.py:3895} INFO - 1 downstream tasks scheduled from follow-on schedule check
[2024-11-11T10:50:42.135+0000] {local_task_job_runner.py:245} INFO - ::endgroup::
