[2024-11-11T10:40:58.753+0000] {processor.py:186} INFO - Started process (PID=1939) to work on /opt/airflow/dags/app.py
[2024-11-11T10:40:58.753+0000] {processor.py:914} INFO - Processing file /opt/airflow/dags/app.py for tasks to queue
[2024-11-11T10:40:58.755+0000] {logging_mixin.py:190} INFO - [2024-11-11T10:40:58.755+0000] {dagbag.py:588} INFO - Filling up the DagBag from /opt/airflow/dags/app.py
[2024-11-11T10:40:58.864+0000] {processor.py:925} INFO - DAG(s) 'fetch_and_store_amazon_books' retrieved from /opt/airflow/dags/app.py
[2024-11-11T10:40:58.922+0000] {logging_mixin.py:190} INFO - [2024-11-11T10:40:58.922+0000] {override.py:1911} INFO - Created Permission View: can delete on DAG:fetch_and_store_amazon_books
[2024-11-11T10:40:58.926+0000] {logging_mixin.py:190} INFO - [2024-11-11T10:40:58.926+0000] {override.py:1911} INFO - Created Permission View: can read on DAG:fetch_and_store_amazon_books
[2024-11-11T10:40:58.928+0000] {logging_mixin.py:190} INFO - [2024-11-11T10:40:58.928+0000] {override.py:1911} INFO - Created Permission View: can edit on DAG:fetch_and_store_amazon_books
[2024-11-11T10:40:58.931+0000] {logging_mixin.py:190} INFO - [2024-11-11T10:40:58.930+0000] {override.py:1911} INFO - Created Permission View: can delete on DAG Run:fetch_and_store_amazon_books
[2024-11-11T10:40:58.932+0000] {logging_mixin.py:190} INFO - [2024-11-11T10:40:58.932+0000] {override.py:1911} INFO - Created Permission View: can read on DAG Run:fetch_and_store_amazon_books
[2024-11-11T10:40:58.935+0000] {logging_mixin.py:190} INFO - [2024-11-11T10:40:58.934+0000] {override.py:1911} INFO - Created Permission View: can create on DAG Run:fetch_and_store_amazon_books
[2024-11-11T10:40:58.937+0000] {logging_mixin.py:190} INFO - [2024-11-11T10:40:58.937+0000] {override.py:1911} INFO - Created Permission View: menu access on DAG Run:fetch_and_store_amazon_books
[2024-11-11T10:40:58.937+0000] {logging_mixin.py:190} INFO - [2024-11-11T10:40:58.937+0000] {dag.py:3239} INFO - Sync 1 DAGs
[2024-11-11T10:40:58.943+0000] {logging_mixin.py:190} INFO - [2024-11-11T10:40:58.943+0000] {dag.py:3262} INFO - Creating ORM DAG for fetch_and_store_amazon_books
[2024-11-11T10:40:58.947+0000] {logging_mixin.py:190} INFO - [2024-11-11T10:40:58.947+0000] {dag.py:4180} INFO - Setting next_dagrun for fetch_and_store_amazon_books to 2024-06-20 00:00:00+00:00, run_after=2024-06-21 00:00:00+00:00
[2024-11-11T10:40:58.954+0000] {processor.py:208} INFO - Processing /opt/airflow/dags/app.py took 0.205 seconds
[2024-11-11T10:41:29.435+0000] {processor.py:186} INFO - Started process (PID=2029) to work on /opt/airflow/dags/app.py
[2024-11-11T10:41:29.438+0000] {processor.py:914} INFO - Processing file /opt/airflow/dags/app.py for tasks to queue
[2024-11-11T10:41:29.442+0000] {logging_mixin.py:190} INFO - [2024-11-11T10:41:29.442+0000] {dagbag.py:588} INFO - Filling up the DagBag from /opt/airflow/dags/app.py
[2024-11-11T10:41:29.573+0000] {processor.py:925} INFO - DAG(s) 'fetch_and_store_amazon_books' retrieved from /opt/airflow/dags/app.py
[2024-11-11T10:41:29.590+0000] {logging_mixin.py:190} INFO - [2024-11-11T10:41:29.590+0000] {dag.py:3239} INFO - Sync 1 DAGs
[2024-11-11T10:41:29.643+0000] {processor.py:208} INFO - Processing /opt/airflow/dags/app.py took 0.221 seconds
[2024-11-11T10:42:00.397+0000] {processor.py:186} INFO - Started process (PID=2093) to work on /opt/airflow/dags/app.py
[2024-11-11T10:42:00.399+0000] {processor.py:914} INFO - Processing file /opt/airflow/dags/app.py for tasks to queue
[2024-11-11T10:42:00.401+0000] {logging_mixin.py:190} INFO - [2024-11-11T10:42:00.401+0000] {dagbag.py:588} INFO - Filling up the DagBag from /opt/airflow/dags/app.py
[2024-11-11T10:42:00.460+0000] {processor.py:925} INFO - DAG(s) 'fetch_and_store_amazon_books' retrieved from /opt/airflow/dags/app.py
[2024-11-11T10:42:00.471+0000] {logging_mixin.py:190} INFO - [2024-11-11T10:42:00.471+0000] {dag.py:3239} INFO - Sync 1 DAGs
[2024-11-11T10:42:00.601+0000] {processor.py:208} INFO - Processing /opt/airflow/dags/app.py took 0.211 seconds
[2024-11-11T10:42:30.654+0000] {processor.py:186} INFO - Started process (PID=2157) to work on /opt/airflow/dags/app.py
[2024-11-11T10:42:30.655+0000] {processor.py:914} INFO - Processing file /opt/airflow/dags/app.py for tasks to queue
[2024-11-11T10:42:30.658+0000] {logging_mixin.py:190} INFO - [2024-11-11T10:42:30.657+0000] {dagbag.py:588} INFO - Filling up the DagBag from /opt/airflow/dags/app.py
[2024-11-11T10:42:30.713+0000] {processor.py:925} INFO - DAG(s) 'fetch_and_store_amazon_books' retrieved from /opt/airflow/dags/app.py
[2024-11-11T10:42:30.723+0000] {logging_mixin.py:190} INFO - [2024-11-11T10:42:30.723+0000] {dag.py:3239} INFO - Sync 1 DAGs
[2024-11-11T10:42:30.743+0000] {processor.py:208} INFO - Processing /opt/airflow/dags/app.py took 0.095 seconds
[2024-11-11T10:43:01.735+0000] {processor.py:186} INFO - Started process (PID=2227) to work on /opt/airflow/dags/app.py
[2024-11-11T10:43:01.735+0000] {processor.py:914} INFO - Processing file /opt/airflow/dags/app.py for tasks to queue
[2024-11-11T10:43:01.737+0000] {logging_mixin.py:190} INFO - [2024-11-11T10:43:01.736+0000] {dagbag.py:588} INFO - Filling up the DagBag from /opt/airflow/dags/app.py
[2024-11-11T10:43:01.786+0000] {processor.py:925} INFO - DAG(s) 'fetch_and_store_amazon_books' retrieved from /opt/airflow/dags/app.py
[2024-11-11T10:43:01.797+0000] {logging_mixin.py:190} INFO - [2024-11-11T10:43:01.797+0000] {dag.py:3239} INFO - Sync 1 DAGs
[2024-11-11T10:43:01.816+0000] {processor.py:208} INFO - Processing /opt/airflow/dags/app.py took 0.085 seconds
[2024-11-11T10:43:31.898+0000] {processor.py:186} INFO - Started process (PID=2291) to work on /opt/airflow/dags/app.py
[2024-11-11T10:43:31.898+0000] {processor.py:914} INFO - Processing file /opt/airflow/dags/app.py for tasks to queue
[2024-11-11T10:43:31.900+0000] {logging_mixin.py:190} INFO - [2024-11-11T10:43:31.900+0000] {dagbag.py:588} INFO - Filling up the DagBag from /opt/airflow/dags/app.py
[2024-11-11T10:43:31.952+0000] {processor.py:925} INFO - DAG(s) 'fetch_and_store_amazon_books' retrieved from /opt/airflow/dags/app.py
[2024-11-11T10:43:31.964+0000] {logging_mixin.py:190} INFO - [2024-11-11T10:43:31.964+0000] {dag.py:3239} INFO - Sync 1 DAGs
[2024-11-11T10:43:31.984+0000] {processor.py:208} INFO - Processing /opt/airflow/dags/app.py took 0.092 seconds
[2024-11-11T10:44:02.581+0000] {processor.py:186} INFO - Started process (PID=2355) to work on /opt/airflow/dags/app.py
[2024-11-11T10:44:02.582+0000] {processor.py:914} INFO - Processing file /opt/airflow/dags/app.py for tasks to queue
[2024-11-11T10:44:02.584+0000] {logging_mixin.py:190} INFO - [2024-11-11T10:44:02.584+0000] {dagbag.py:588} INFO - Filling up the DagBag from /opt/airflow/dags/app.py
[2024-11-11T10:44:02.639+0000] {processor.py:925} INFO - DAG(s) 'fetch_and_store_amazon_books' retrieved from /opt/airflow/dags/app.py
[2024-11-11T10:44:02.649+0000] {logging_mixin.py:190} INFO - [2024-11-11T10:44:02.649+0000] {dag.py:3239} INFO - Sync 1 DAGs
[2024-11-11T10:44:02.665+0000] {processor.py:208} INFO - Processing /opt/airflow/dags/app.py took 0.091 seconds
[2024-11-11T10:44:09.649+0000] {processor.py:186} INFO - Started process (PID=2356) to work on /opt/airflow/dags/app.py
[2024-11-11T10:44:09.650+0000] {processor.py:914} INFO - Processing file /opt/airflow/dags/app.py for tasks to queue
[2024-11-11T10:44:09.651+0000] {logging_mixin.py:190} INFO - [2024-11-11T10:44:09.651+0000] {dagbag.py:588} INFO - Filling up the DagBag from /opt/airflow/dags/app.py
[2024-11-11T10:44:09.700+0000] {processor.py:925} INFO - DAG(s) 'fetch_and_store_amazon_books' retrieved from /opt/airflow/dags/app.py
[2024-11-11T10:44:09.712+0000] {logging_mixin.py:190} INFO - [2024-11-11T10:44:09.712+0000] {dag.py:3239} INFO - Sync 1 DAGs
[2024-11-11T10:44:09.730+0000] {processor.py:208} INFO - Processing /opt/airflow/dags/app.py took 0.084 seconds
[2024-11-11T10:44:40.014+0000] {processor.py:186} INFO - Started process (PID=2420) to work on /opt/airflow/dags/app.py
[2024-11-11T10:44:40.016+0000] {processor.py:914} INFO - Processing file /opt/airflow/dags/app.py for tasks to queue
[2024-11-11T10:44:40.021+0000] {logging_mixin.py:190} INFO - [2024-11-11T10:44:40.021+0000] {dagbag.py:588} INFO - Filling up the DagBag from /opt/airflow/dags/app.py
[2024-11-11T10:44:40.096+0000] {processor.py:925} INFO - DAG(s) 'fetch_and_store_amazon_books' retrieved from /opt/airflow/dags/app.py
[2024-11-11T10:44:40.114+0000] {logging_mixin.py:190} INFO - [2024-11-11T10:44:40.113+0000] {dag.py:3239} INFO - Sync 1 DAGs
[2024-11-11T10:44:40.315+0000] {processor.py:208} INFO - Processing /opt/airflow/dags/app.py took 0.311 seconds
[2024-11-11T10:45:10.362+0000] {processor.py:186} INFO - Started process (PID=2484) to work on /opt/airflow/dags/app.py
[2024-11-11T10:45:10.363+0000] {processor.py:914} INFO - Processing file /opt/airflow/dags/app.py for tasks to queue
[2024-11-11T10:45:10.366+0000] {logging_mixin.py:190} INFO - [2024-11-11T10:45:10.366+0000] {dagbag.py:588} INFO - Filling up the DagBag from /opt/airflow/dags/app.py
[2024-11-11T10:45:10.531+0000] {processor.py:925} INFO - DAG(s) 'fetch_and_store_amazon_books' retrieved from /opt/airflow/dags/app.py
[2024-11-11T10:45:10.573+0000] {logging_mixin.py:190} INFO - [2024-11-11T10:45:10.573+0000] {dag.py:3239} INFO - Sync 1 DAGs
[2024-11-11T10:45:10.577+0000] {logging_mixin.py:190} INFO - [2024-11-11T10:45:10.577+0000] {dag.py:3262} INFO - Creating ORM DAG for fetch_and_store_amazon_books
[2024-11-11T10:45:10.581+0000] {logging_mixin.py:190} INFO - [2024-11-11T10:45:10.581+0000] {dag.py:4180} INFO - Setting next_dagrun for fetch_and_store_amazon_books to 2024-06-20 00:00:00+00:00, run_after=2024-06-21 00:00:00+00:00
[2024-11-11T10:45:10.587+0000] {processor.py:208} INFO - Processing /opt/airflow/dags/app.py took 0.232 seconds
[2024-11-11T10:46:00.342+0000] {processor.py:186} INFO - Started process (PID=55) to work on /opt/airflow/dags/app.py
[2024-11-11T10:46:00.343+0000] {processor.py:914} INFO - Processing file /opt/airflow/dags/app.py for tasks to queue
[2024-11-11T10:46:00.345+0000] {logging_mixin.py:190} INFO - [2024-11-11T10:46:00.345+0000] {dagbag.py:588} INFO - Filling up the DagBag from /opt/airflow/dags/app.py
[2024-11-11T10:46:00.463+0000] {processor.py:925} INFO - DAG(s) 'fetch_and_store_amazon_books' retrieved from /opt/airflow/dags/app.py
[2024-11-11T10:46:00.477+0000] {logging_mixin.py:190} INFO - [2024-11-11T10:46:00.476+0000] {dag.py:3239} INFO - Sync 1 DAGs
[2024-11-11T10:46:00.490+0000] {logging_mixin.py:190} INFO - [2024-11-11T10:46:00.490+0000] {dag.py:4180} INFO - Setting next_dagrun for fetch_and_store_amazon_books to 2024-06-20 00:00:00+00:00, run_after=2024-06-21 00:00:00+00:00
[2024-11-11T10:46:00.506+0000] {processor.py:208} INFO - Processing /opt/airflow/dags/app.py took 0.169 seconds
[2024-11-11T10:46:31.334+0000] {processor.py:186} INFO - Started process (PID=119) to work on /opt/airflow/dags/app.py
[2024-11-11T10:46:31.336+0000] {processor.py:914} INFO - Processing file /opt/airflow/dags/app.py for tasks to queue
[2024-11-11T10:46:31.338+0000] {logging_mixin.py:190} INFO - [2024-11-11T10:46:31.338+0000] {dagbag.py:588} INFO - Filling up the DagBag from /opt/airflow/dags/app.py
[2024-11-11T10:46:31.405+0000] {processor.py:925} INFO - DAG(s) 'fetch_and_store_amazon_books' retrieved from /opt/airflow/dags/app.py
[2024-11-11T10:46:31.417+0000] {logging_mixin.py:190} INFO - [2024-11-11T10:46:31.416+0000] {dag.py:3239} INFO - Sync 1 DAGs
[2024-11-11T10:46:31.429+0000] {logging_mixin.py:190} INFO - [2024-11-11T10:46:31.429+0000] {dag.py:4180} INFO - Setting next_dagrun for fetch_and_store_amazon_books to 2024-06-20 00:00:00+00:00, run_after=2024-06-21 00:00:00+00:00
[2024-11-11T10:46:31.438+0000] {processor.py:208} INFO - Processing /opt/airflow/dags/app.py took 0.109 seconds
[2024-11-11T10:47:01.588+0000] {processor.py:186} INFO - Started process (PID=183) to work on /opt/airflow/dags/app.py
[2024-11-11T10:47:01.590+0000] {processor.py:914} INFO - Processing file /opt/airflow/dags/app.py for tasks to queue
[2024-11-11T10:47:01.591+0000] {logging_mixin.py:190} INFO - [2024-11-11T10:47:01.591+0000] {dagbag.py:588} INFO - Filling up the DagBag from /opt/airflow/dags/app.py
[2024-11-11T10:47:01.651+0000] {processor.py:925} INFO - DAG(s) 'fetch_and_store_amazon_books' retrieved from /opt/airflow/dags/app.py
[2024-11-11T10:47:01.663+0000] {logging_mixin.py:190} INFO - [2024-11-11T10:47:01.663+0000] {dag.py:3239} INFO - Sync 1 DAGs
[2024-11-11T10:47:01.678+0000] {logging_mixin.py:190} INFO - [2024-11-11T10:47:01.678+0000] {dag.py:4180} INFO - Setting next_dagrun for fetch_and_store_amazon_books to 2024-06-20 00:00:00+00:00, run_after=2024-06-21 00:00:00+00:00
[2024-11-11T10:47:01.691+0000] {processor.py:208} INFO - Processing /opt/airflow/dags/app.py took 0.107 seconds
[2024-11-11T10:47:31.731+0000] {processor.py:186} INFO - Started process (PID=248) to work on /opt/airflow/dags/app.py
[2024-11-11T10:47:31.732+0000] {processor.py:914} INFO - Processing file /opt/airflow/dags/app.py for tasks to queue
[2024-11-11T10:47:31.733+0000] {logging_mixin.py:190} INFO - [2024-11-11T10:47:31.733+0000] {dagbag.py:588} INFO - Filling up the DagBag from /opt/airflow/dags/app.py
[2024-11-11T10:47:31.786+0000] {processor.py:925} INFO - DAG(s) 'fetch_and_store_amazon_books' retrieved from /opt/airflow/dags/app.py
[2024-11-11T10:47:31.795+0000] {logging_mixin.py:190} INFO - [2024-11-11T10:47:31.795+0000] {dag.py:3239} INFO - Sync 1 DAGs
[2024-11-11T10:47:31.804+0000] {logging_mixin.py:190} INFO - [2024-11-11T10:47:31.804+0000] {dag.py:4180} INFO - Setting next_dagrun for fetch_and_store_amazon_books to 2024-06-20 00:00:00+00:00, run_after=2024-06-21 00:00:00+00:00
[2024-11-11T10:47:31.811+0000] {processor.py:208} INFO - Processing /opt/airflow/dags/app.py took 0.083 seconds
[2024-11-11T10:48:01.891+0000] {processor.py:186} INFO - Started process (PID=313) to work on /opt/airflow/dags/app.py
[2024-11-11T10:48:01.892+0000] {processor.py:914} INFO - Processing file /opt/airflow/dags/app.py for tasks to queue
[2024-11-11T10:48:01.893+0000] {logging_mixin.py:190} INFO - [2024-11-11T10:48:01.893+0000] {dagbag.py:588} INFO - Filling up the DagBag from /opt/airflow/dags/app.py
[2024-11-11T10:48:01.936+0000] {processor.py:925} INFO - DAG(s) 'fetch_and_store_amazon_books' retrieved from /opt/airflow/dags/app.py
[2024-11-11T10:48:01.946+0000] {logging_mixin.py:190} INFO - [2024-11-11T10:48:01.945+0000] {dag.py:3239} INFO - Sync 1 DAGs
[2024-11-11T10:48:01.956+0000] {logging_mixin.py:190} INFO - [2024-11-11T10:48:01.956+0000] {dag.py:4180} INFO - Setting next_dagrun for fetch_and_store_amazon_books to 2024-06-20 00:00:00+00:00, run_after=2024-06-21 00:00:00+00:00
[2024-11-11T10:48:01.963+0000] {processor.py:208} INFO - Processing /opt/airflow/dags/app.py took 0.075 seconds
[2024-11-11T10:48:32.019+0000] {processor.py:186} INFO - Started process (PID=375) to work on /opt/airflow/dags/app.py
[2024-11-11T10:48:32.020+0000] {processor.py:914} INFO - Processing file /opt/airflow/dags/app.py for tasks to queue
[2024-11-11T10:48:32.021+0000] {logging_mixin.py:190} INFO - [2024-11-11T10:48:32.021+0000] {dagbag.py:588} INFO - Filling up the DagBag from /opt/airflow/dags/app.py
[2024-11-11T10:48:32.075+0000] {processor.py:925} INFO - DAG(s) 'fetch_and_store_amazon_books' retrieved from /opt/airflow/dags/app.py
[2024-11-11T10:48:32.088+0000] {logging_mixin.py:190} INFO - [2024-11-11T10:48:32.088+0000] {dag.py:3239} INFO - Sync 1 DAGs
[2024-11-11T10:48:32.099+0000] {logging_mixin.py:190} INFO - [2024-11-11T10:48:32.099+0000] {dag.py:4180} INFO - Setting next_dagrun for fetch_and_store_amazon_books to 2024-06-20 00:00:00+00:00, run_after=2024-06-21 00:00:00+00:00
[2024-11-11T10:48:32.114+0000] {processor.py:208} INFO - Processing /opt/airflow/dags/app.py took 0.100 seconds
[2024-11-11T10:49:02.187+0000] {processor.py:186} INFO - Started process (PID=439) to work on /opt/airflow/dags/app.py
[2024-11-11T10:49:02.188+0000] {processor.py:914} INFO - Processing file /opt/airflow/dags/app.py for tasks to queue
[2024-11-11T10:49:02.190+0000] {logging_mixin.py:190} INFO - [2024-11-11T10:49:02.190+0000] {dagbag.py:588} INFO - Filling up the DagBag from /opt/airflow/dags/app.py
[2024-11-11T10:49:02.248+0000] {processor.py:925} INFO - DAG(s) 'fetch_and_store_amazon_books' retrieved from /opt/airflow/dags/app.py
[2024-11-11T10:49:02.260+0000] {logging_mixin.py:190} INFO - [2024-11-11T10:49:02.260+0000] {dag.py:3239} INFO - Sync 1 DAGs
[2024-11-11T10:49:02.277+0000] {logging_mixin.py:190} INFO - [2024-11-11T10:49:02.276+0000] {dag.py:4180} INFO - Setting next_dagrun for fetch_and_store_amazon_books to 2024-06-20 00:00:00+00:00, run_after=2024-06-21 00:00:00+00:00
[2024-11-11T10:49:02.290+0000] {processor.py:208} INFO - Processing /opt/airflow/dags/app.py took 0.109 seconds
[2024-11-11T10:49:32.426+0000] {processor.py:186} INFO - Started process (PID=503) to work on /opt/airflow/dags/app.py
[2024-11-11T10:49:32.427+0000] {processor.py:914} INFO - Processing file /opt/airflow/dags/app.py for tasks to queue
[2024-11-11T10:49:32.430+0000] {logging_mixin.py:190} INFO - [2024-11-11T10:49:32.430+0000] {dagbag.py:588} INFO - Filling up the DagBag from /opt/airflow/dags/app.py
[2024-11-11T10:49:32.497+0000] {processor.py:925} INFO - DAG(s) 'fetch_and_store_amazon_books' retrieved from /opt/airflow/dags/app.py
[2024-11-11T10:49:32.510+0000] {logging_mixin.py:190} INFO - [2024-11-11T10:49:32.509+0000] {dag.py:3239} INFO - Sync 1 DAGs
[2024-11-11T10:49:32.523+0000] {logging_mixin.py:190} INFO - [2024-11-11T10:49:32.523+0000] {dag.py:4180} INFO - Setting next_dagrun for fetch_and_store_amazon_books to 2024-06-20 00:00:00+00:00, run_after=2024-06-21 00:00:00+00:00
[2024-11-11T10:49:32.534+0000] {processor.py:208} INFO - Processing /opt/airflow/dags/app.py took 0.116 seconds
[2024-11-11T10:50:02.644+0000] {processor.py:186} INFO - Started process (PID=567) to work on /opt/airflow/dags/app.py
[2024-11-11T10:50:02.645+0000] {processor.py:914} INFO - Processing file /opt/airflow/dags/app.py for tasks to queue
[2024-11-11T10:50:02.648+0000] {logging_mixin.py:190} INFO - [2024-11-11T10:50:02.648+0000] {dagbag.py:588} INFO - Filling up the DagBag from /opt/airflow/dags/app.py
[2024-11-11T10:50:02.707+0000] {processor.py:925} INFO - DAG(s) 'fetch_and_store_amazon_books' retrieved from /opt/airflow/dags/app.py
[2024-11-11T10:50:02.717+0000] {logging_mixin.py:190} INFO - [2024-11-11T10:50:02.717+0000] {dag.py:3239} INFO - Sync 1 DAGs
[2024-11-11T10:50:02.728+0000] {logging_mixin.py:190} INFO - [2024-11-11T10:50:02.728+0000] {dag.py:4180} INFO - Setting next_dagrun for fetch_and_store_amazon_books to 2024-06-20 00:00:00+00:00, run_after=2024-06-21 00:00:00+00:00
[2024-11-11T10:50:02.738+0000] {processor.py:208} INFO - Processing /opt/airflow/dags/app.py took 0.100 seconds
[2024-11-11T10:50:32.831+0000] {processor.py:186} INFO - Started process (PID=631) to work on /opt/airflow/dags/app.py
[2024-11-11T10:50:32.832+0000] {processor.py:914} INFO - Processing file /opt/airflow/dags/app.py for tasks to queue
[2024-11-11T10:50:32.835+0000] {logging_mixin.py:190} INFO - [2024-11-11T10:50:32.835+0000] {dagbag.py:588} INFO - Filling up the DagBag from /opt/airflow/dags/app.py
[2024-11-11T10:50:32.897+0000] {processor.py:925} INFO - DAG(s) 'fetch_and_store_amazon_books' retrieved from /opt/airflow/dags/app.py
[2024-11-11T10:50:32.910+0000] {logging_mixin.py:190} INFO - [2024-11-11T10:50:32.910+0000] {dag.py:3239} INFO - Sync 1 DAGs
[2024-11-11T10:50:32.921+0000] {logging_mixin.py:190} INFO - [2024-11-11T10:50:32.921+0000] {dag.py:4180} INFO - Setting next_dagrun for fetch_and_store_amazon_books to 2024-06-20 00:00:00+00:00, run_after=2024-06-21 00:00:00+00:00
[2024-11-11T10:50:32.932+0000] {processor.py:208} INFO - Processing /opt/airflow/dags/app.py took 0.108 seconds
[2024-11-11T10:51:03.403+0000] {processor.py:186} INFO - Started process (PID=745) to work on /opt/airflow/dags/app.py
[2024-11-11T10:51:03.406+0000] {processor.py:914} INFO - Processing file /opt/airflow/dags/app.py for tasks to queue
[2024-11-11T10:51:03.417+0000] {logging_mixin.py:190} INFO - [2024-11-11T10:51:03.416+0000] {dagbag.py:588} INFO - Filling up the DagBag from /opt/airflow/dags/app.py
[2024-11-11T10:51:03.517+0000] {processor.py:925} INFO - DAG(s) 'fetch_and_store_amazon_books' retrieved from /opt/airflow/dags/app.py
[2024-11-11T10:51:03.531+0000] {logging_mixin.py:190} INFO - [2024-11-11T10:51:03.531+0000] {dag.py:3239} INFO - Sync 1 DAGs
[2024-11-11T10:51:03.557+0000] {processor.py:208} INFO - Processing /opt/airflow/dags/app.py took 0.164 seconds
[2024-11-11T10:51:34.431+0000] {processor.py:186} INFO - Started process (PID=877) to work on /opt/airflow/dags/app.py
[2024-11-11T10:51:34.432+0000] {processor.py:914} INFO - Processing file /opt/airflow/dags/app.py for tasks to queue
[2024-11-11T10:51:34.433+0000] {logging_mixin.py:190} INFO - [2024-11-11T10:51:34.433+0000] {dagbag.py:588} INFO - Filling up the DagBag from /opt/airflow/dags/app.py
[2024-11-11T10:51:34.489+0000] {processor.py:925} INFO - DAG(s) 'fetch_and_store_amazon_books' retrieved from /opt/airflow/dags/app.py
[2024-11-11T10:51:34.505+0000] {logging_mixin.py:190} INFO - [2024-11-11T10:51:34.504+0000] {dag.py:3239} INFO - Sync 1 DAGs
[2024-11-11T10:51:34.518+0000] {logging_mixin.py:190} INFO - [2024-11-11T10:51:34.517+0000] {dag.py:4180} INFO - Setting next_dagrun for fetch_and_store_amazon_books to 2024-08-07 00:00:00+00:00, run_after=2024-08-08 00:00:00+00:00
[2024-11-11T10:51:34.527+0000] {processor.py:208} INFO - Processing /opt/airflow/dags/app.py took 0.100 seconds
[2024-11-11T10:52:05.033+0000] {processor.py:186} INFO - Started process (PID=1001) to work on /opt/airflow/dags/app.py
[2024-11-11T10:52:05.035+0000] {processor.py:914} INFO - Processing file /opt/airflow/dags/app.py for tasks to queue
[2024-11-11T10:52:05.039+0000] {logging_mixin.py:190} INFO - [2024-11-11T10:52:05.038+0000] {dagbag.py:588} INFO - Filling up the DagBag from /opt/airflow/dags/app.py
[2024-11-11T10:52:05.113+0000] {processor.py:925} INFO - DAG(s) 'fetch_and_store_amazon_books' retrieved from /opt/airflow/dags/app.py
[2024-11-11T10:52:05.154+0000] {logging_mixin.py:190} INFO - [2024-11-11T10:52:05.154+0000] {dag.py:3239} INFO - Sync 1 DAGs
[2024-11-11T10:52:05.170+0000] {logging_mixin.py:190} INFO - [2024-11-11T10:52:05.170+0000] {dag.py:4180} INFO - Setting next_dagrun for fetch_and_store_amazon_books to 2024-09-05 00:00:00+00:00, run_after=2024-09-06 00:00:00+00:00
[2024-11-11T10:52:05.187+0000] {processor.py:208} INFO - Processing /opt/airflow/dags/app.py took 0.160 seconds
[2024-11-11T10:52:36.126+0000] {processor.py:186} INFO - Started process (PID=1131) to work on /opt/airflow/dags/app.py
[2024-11-11T10:52:36.127+0000] {processor.py:914} INFO - Processing file /opt/airflow/dags/app.py for tasks to queue
[2024-11-11T10:52:36.131+0000] {logging_mixin.py:190} INFO - [2024-11-11T10:52:36.130+0000] {dagbag.py:588} INFO - Filling up the DagBag from /opt/airflow/dags/app.py
[2024-11-11T10:52:36.228+0000] {processor.py:925} INFO - DAG(s) 'fetch_and_store_amazon_books' retrieved from /opt/airflow/dags/app.py
[2024-11-11T10:52:36.247+0000] {logging_mixin.py:190} INFO - [2024-11-11T10:52:36.247+0000] {dag.py:3239} INFO - Sync 1 DAGs
[2024-11-11T10:52:36.284+0000] {processor.py:208} INFO - Processing /opt/airflow/dags/app.py took 0.163 seconds
[2024-11-11T10:53:07.180+0000] {processor.py:186} INFO - Started process (PID=1261) to work on /opt/airflow/dags/app.py
[2024-11-11T10:53:07.184+0000] {processor.py:914} INFO - Processing file /opt/airflow/dags/app.py for tasks to queue
[2024-11-11T10:53:07.187+0000] {logging_mixin.py:190} INFO - [2024-11-11T10:53:07.187+0000] {dagbag.py:588} INFO - Filling up the DagBag from /opt/airflow/dags/app.py
[2024-11-11T10:53:07.273+0000] {processor.py:925} INFO - DAG(s) 'fetch_and_store_amazon_books' retrieved from /opt/airflow/dags/app.py
[2024-11-11T10:53:07.291+0000] {logging_mixin.py:190} INFO - [2024-11-11T10:53:07.290+0000] {dag.py:3239} INFO - Sync 1 DAGs
[2024-11-11T10:53:07.320+0000] {processor.py:208} INFO - Processing /opt/airflow/dags/app.py took 0.147 seconds
[2024-11-11T10:53:38.017+0000] {processor.py:186} INFO - Started process (PID=1378) to work on /opt/airflow/dags/app.py
[2024-11-11T10:53:38.019+0000] {processor.py:914} INFO - Processing file /opt/airflow/dags/app.py for tasks to queue
[2024-11-11T10:53:38.022+0000] {logging_mixin.py:190} INFO - [2024-11-11T10:53:38.022+0000] {dagbag.py:588} INFO - Filling up the DagBag from /opt/airflow/dags/app.py
[2024-11-11T10:53:38.080+0000] {processor.py:925} INFO - DAG(s) 'fetch_and_store_amazon_books' retrieved from /opt/airflow/dags/app.py
[2024-11-11T10:53:38.096+0000] {logging_mixin.py:190} INFO - [2024-11-11T10:53:38.096+0000] {dag.py:3239} INFO - Sync 1 DAGs
[2024-11-11T10:53:38.110+0000] {logging_mixin.py:190} INFO - [2024-11-11T10:53:38.110+0000] {dag.py:4180} INFO - Setting next_dagrun for fetch_and_store_amazon_books to 2024-11-11 00:00:00+00:00, run_after=2024-11-12 00:00:00+00:00
[2024-11-11T10:53:38.120+0000] {processor.py:208} INFO - Processing /opt/airflow/dags/app.py took 0.111 seconds
[2024-11-11T10:54:09.053+0000] {processor.py:186} INFO - Started process (PID=1442) to work on /opt/airflow/dags/app.py
[2024-11-11T10:54:09.054+0000] {processor.py:914} INFO - Processing file /opt/airflow/dags/app.py for tasks to queue
[2024-11-11T10:54:09.057+0000] {logging_mixin.py:190} INFO - [2024-11-11T10:54:09.057+0000] {dagbag.py:588} INFO - Filling up the DagBag from /opt/airflow/dags/app.py
[2024-11-11T10:54:09.115+0000] {processor.py:925} INFO - DAG(s) 'fetch_and_store_amazon_books' retrieved from /opt/airflow/dags/app.py
[2024-11-11T10:54:09.127+0000] {logging_mixin.py:190} INFO - [2024-11-11T10:54:09.126+0000] {dag.py:3239} INFO - Sync 1 DAGs
[2024-11-11T10:54:09.139+0000] {logging_mixin.py:190} INFO - [2024-11-11T10:54:09.139+0000] {dag.py:4180} INFO - Setting next_dagrun for fetch_and_store_amazon_books to 2024-11-11 00:00:00+00:00, run_after=2024-11-12 00:00:00+00:00
[2024-11-11T10:54:09.151+0000] {processor.py:208} INFO - Processing /opt/airflow/dags/app.py took 0.104 seconds
[2024-11-11T10:54:39.398+0000] {processor.py:186} INFO - Started process (PID=1506) to work on /opt/airflow/dags/app.py
[2024-11-11T10:54:39.399+0000] {processor.py:914} INFO - Processing file /opt/airflow/dags/app.py for tasks to queue
[2024-11-11T10:54:39.401+0000] {logging_mixin.py:190} INFO - [2024-11-11T10:54:39.400+0000] {dagbag.py:588} INFO - Filling up the DagBag from /opt/airflow/dags/app.py
[2024-11-11T10:54:39.458+0000] {processor.py:925} INFO - DAG(s) 'fetch_and_store_amazon_books' retrieved from /opt/airflow/dags/app.py
[2024-11-11T10:54:39.473+0000] {logging_mixin.py:190} INFO - [2024-11-11T10:54:39.473+0000] {dag.py:3239} INFO - Sync 1 DAGs
[2024-11-11T10:54:39.484+0000] {logging_mixin.py:190} INFO - [2024-11-11T10:54:39.484+0000] {dag.py:4180} INFO - Setting next_dagrun for fetch_and_store_amazon_books to 2024-11-11 00:00:00+00:00, run_after=2024-11-12 00:00:00+00:00
[2024-11-11T10:54:39.495+0000] {processor.py:208} INFO - Processing /opt/airflow/dags/app.py took 0.103 seconds
[2024-11-11T10:55:10.240+0000] {processor.py:186} INFO - Started process (PID=1570) to work on /opt/airflow/dags/app.py
[2024-11-11T10:55:10.241+0000] {processor.py:914} INFO - Processing file /opt/airflow/dags/app.py for tasks to queue
[2024-11-11T10:55:10.244+0000] {logging_mixin.py:190} INFO - [2024-11-11T10:55:10.244+0000] {dagbag.py:588} INFO - Filling up the DagBag from /opt/airflow/dags/app.py
[2024-11-11T10:55:10.311+0000] {processor.py:925} INFO - DAG(s) 'fetch_and_store_amazon_books' retrieved from /opt/airflow/dags/app.py
[2024-11-11T10:55:10.326+0000] {logging_mixin.py:190} INFO - [2024-11-11T10:55:10.326+0000] {dag.py:3239} INFO - Sync 1 DAGs
[2024-11-11T10:55:10.338+0000] {logging_mixin.py:190} INFO - [2024-11-11T10:55:10.337+0000] {dag.py:4180} INFO - Setting next_dagrun for fetch_and_store_amazon_books to 2024-11-11 00:00:00+00:00, run_after=2024-11-12 00:00:00+00:00
[2024-11-11T10:55:10.350+0000] {processor.py:208} INFO - Processing /opt/airflow/dags/app.py took 0.116 seconds
[2024-11-11T10:55:41.202+0000] {processor.py:186} INFO - Started process (PID=1634) to work on /opt/airflow/dags/app.py
[2024-11-11T10:55:41.204+0000] {processor.py:914} INFO - Processing file /opt/airflow/dags/app.py for tasks to queue
[2024-11-11T10:55:41.205+0000] {logging_mixin.py:190} INFO - [2024-11-11T10:55:41.205+0000] {dagbag.py:588} INFO - Filling up the DagBag from /opt/airflow/dags/app.py
[2024-11-11T10:55:41.262+0000] {processor.py:925} INFO - DAG(s) 'fetch_and_store_amazon_books' retrieved from /opt/airflow/dags/app.py
[2024-11-11T10:55:41.274+0000] {logging_mixin.py:190} INFO - [2024-11-11T10:55:41.274+0000] {dag.py:3239} INFO - Sync 1 DAGs
[2024-11-11T10:55:41.288+0000] {logging_mixin.py:190} INFO - [2024-11-11T10:55:41.288+0000] {dag.py:4180} INFO - Setting next_dagrun for fetch_and_store_amazon_books to 2024-11-11 00:00:00+00:00, run_after=2024-11-12 00:00:00+00:00
[2024-11-11T10:55:41.296+0000] {processor.py:208} INFO - Processing /opt/airflow/dags/app.py took 0.101 seconds
[2024-11-11T10:56:12.107+0000] {processor.py:186} INFO - Started process (PID=1715) to work on /opt/airflow/dags/app.py
[2024-11-11T10:56:12.109+0000] {processor.py:914} INFO - Processing file /opt/airflow/dags/app.py for tasks to queue
[2024-11-11T10:56:12.110+0000] {logging_mixin.py:190} INFO - [2024-11-11T10:56:12.110+0000] {dagbag.py:588} INFO - Filling up the DagBag from /opt/airflow/dags/app.py
[2024-11-11T10:56:12.173+0000] {processor.py:925} INFO - DAG(s) 'fetch_and_store_amazon_books' retrieved from /opt/airflow/dags/app.py
[2024-11-11T10:56:12.185+0000] {logging_mixin.py:190} INFO - [2024-11-11T10:56:12.185+0000] {dag.py:3239} INFO - Sync 1 DAGs
[2024-11-11T10:56:12.197+0000] {logging_mixin.py:190} INFO - [2024-11-11T10:56:12.197+0000] {dag.py:4180} INFO - Setting next_dagrun for fetch_and_store_amazon_books to 2024-11-11 00:00:00+00:00, run_after=2024-11-12 00:00:00+00:00
[2024-11-11T10:56:12.211+0000] {processor.py:208} INFO - Processing /opt/airflow/dags/app.py took 0.111 seconds
[2024-11-11T10:56:42.284+0000] {processor.py:186} INFO - Started process (PID=1780) to work on /opt/airflow/dags/app.py
[2024-11-11T10:56:42.285+0000] {processor.py:914} INFO - Processing file /opt/airflow/dags/app.py for tasks to queue
[2024-11-11T10:56:42.286+0000] {logging_mixin.py:190} INFO - [2024-11-11T10:56:42.286+0000] {dagbag.py:588} INFO - Filling up the DagBag from /opt/airflow/dags/app.py
[2024-11-11T10:56:42.340+0000] {processor.py:925} INFO - DAG(s) 'fetch_and_store_amazon_books' retrieved from /opt/airflow/dags/app.py
[2024-11-11T10:56:42.352+0000] {logging_mixin.py:190} INFO - [2024-11-11T10:56:42.352+0000] {dag.py:3239} INFO - Sync 1 DAGs
[2024-11-11T10:56:42.365+0000] {logging_mixin.py:190} INFO - [2024-11-11T10:56:42.365+0000] {dag.py:4180} INFO - Setting next_dagrun for fetch_and_store_amazon_books to 2024-11-11 00:00:00+00:00, run_after=2024-11-12 00:00:00+00:00
[2024-11-11T10:56:42.377+0000] {processor.py:208} INFO - Processing /opt/airflow/dags/app.py took 0.097 seconds
[2024-11-11T10:57:13.200+0000] {processor.py:186} INFO - Started process (PID=1843) to work on /opt/airflow/dags/app.py
[2024-11-11T10:57:13.201+0000] {processor.py:914} INFO - Processing file /opt/airflow/dags/app.py for tasks to queue
[2024-11-11T10:57:13.203+0000] {logging_mixin.py:190} INFO - [2024-11-11T10:57:13.203+0000] {dagbag.py:588} INFO - Filling up the DagBag from /opt/airflow/dags/app.py
[2024-11-11T10:57:13.257+0000] {processor.py:925} INFO - DAG(s) 'fetch_and_store_amazon_books' retrieved from /opt/airflow/dags/app.py
[2024-11-11T10:57:13.270+0000] {logging_mixin.py:190} INFO - [2024-11-11T10:57:13.270+0000] {dag.py:3239} INFO - Sync 1 DAGs
[2024-11-11T10:57:13.281+0000] {logging_mixin.py:190} INFO - [2024-11-11T10:57:13.281+0000] {dag.py:4180} INFO - Setting next_dagrun for fetch_and_store_amazon_books to 2024-11-11 00:00:00+00:00, run_after=2024-11-12 00:00:00+00:00
[2024-11-11T10:57:13.293+0000] {processor.py:208} INFO - Processing /opt/airflow/dags/app.py took 0.099 seconds
[2024-11-11T10:57:44.215+0000] {processor.py:186} INFO - Started process (PID=1906) to work on /opt/airflow/dags/app.py
[2024-11-11T10:57:44.216+0000] {processor.py:914} INFO - Processing file /opt/airflow/dags/app.py for tasks to queue
[2024-11-11T10:57:44.219+0000] {logging_mixin.py:190} INFO - [2024-11-11T10:57:44.219+0000] {dagbag.py:588} INFO - Filling up the DagBag from /opt/airflow/dags/app.py
[2024-11-11T10:57:44.288+0000] {processor.py:925} INFO - DAG(s) 'fetch_and_store_amazon_books' retrieved from /opt/airflow/dags/app.py
[2024-11-11T10:57:44.301+0000] {logging_mixin.py:190} INFO - [2024-11-11T10:57:44.301+0000] {dag.py:3239} INFO - Sync 1 DAGs
[2024-11-11T10:57:44.316+0000] {logging_mixin.py:190} INFO - [2024-11-11T10:57:44.316+0000] {dag.py:4180} INFO - Setting next_dagrun for fetch_and_store_amazon_books to 2024-11-11 00:00:00+00:00, run_after=2024-11-12 00:00:00+00:00
[2024-11-11T10:57:44.325+0000] {processor.py:208} INFO - Processing /opt/airflow/dags/app.py took 0.117 seconds
[2024-11-11T10:58:15.171+0000] {processor.py:186} INFO - Started process (PID=1970) to work on /opt/airflow/dags/app.py
[2024-11-11T10:58:15.172+0000] {processor.py:914} INFO - Processing file /opt/airflow/dags/app.py for tasks to queue
[2024-11-11T10:58:15.174+0000] {logging_mixin.py:190} INFO - [2024-11-11T10:58:15.174+0000] {dagbag.py:588} INFO - Filling up the DagBag from /opt/airflow/dags/app.py
[2024-11-11T10:58:15.230+0000] {processor.py:925} INFO - DAG(s) 'fetch_and_store_amazon_books' retrieved from /opt/airflow/dags/app.py
[2024-11-11T10:58:15.242+0000] {logging_mixin.py:190} INFO - [2024-11-11T10:58:15.241+0000] {dag.py:3239} INFO - Sync 1 DAGs
[2024-11-11T10:58:15.254+0000] {logging_mixin.py:190} INFO - [2024-11-11T10:58:15.254+0000] {dag.py:4180} INFO - Setting next_dagrun for fetch_and_store_amazon_books to 2024-11-11 00:00:00+00:00, run_after=2024-11-12 00:00:00+00:00
[2024-11-11T10:58:15.263+0000] {processor.py:208} INFO - Processing /opt/airflow/dags/app.py took 0.096 seconds
