[2024-11-11T10:41:19.994+0000] {local_task_job_runner.py:123} INFO - ::group::Pre task execution logs
[2024-11-11T10:41:20.016+0000] {taskinstance.py:2613} INFO - Dependencies all met for dep_context=non-requeueable deps ti=<TaskInstance: fetch_and_store_amazon_books.fetch_book_data scheduled__2024-06-28T00:00:00+00:00 [queued]>
[2024-11-11T10:41:20.028+0000] {taskinstance.py:2613} INFO - Dependencies all met for dep_context=requeueable deps ti=<TaskInstance: fetch_and_store_amazon_books.fetch_book_data scheduled__2024-06-28T00:00:00+00:00 [queued]>
[2024-11-11T10:41:20.029+0000] {taskinstance.py:2866} INFO - Starting attempt 1 of 2
[2024-11-11T10:41:20.056+0000] {taskinstance.py:2889} INFO - Executing <Task(PythonOperator): fetch_book_data> on 2024-06-28 00:00:00+00:00
[2024-11-11T10:41:20.066+0000] {warnings.py:112} WARNING - /home/***/.local/lib/python3.12/site-packages/***/task/task_runner/standard_task_runner.py:70: DeprecationWarning: This process (pid=281) is multi-threaded, use of fork() may lead to deadlocks in the child.
  pid = os.fork()

[2024-11-11T10:41:20.070+0000] {standard_task_runner.py:72} INFO - Started process 289 to run task
[2024-11-11T10:41:20.070+0000] {standard_task_runner.py:104} INFO - Running: ['***', 'tasks', 'run', 'fetch_and_store_amazon_books', 'fetch_book_data', 'scheduled__2024-06-28T00:00:00+00:00', '--job-id', '8', '--raw', '--subdir', 'DAGS_FOLDER/app.py', '--cfg-path', '/tmp/tmpisra9wsz']
[2024-11-11T10:41:20.074+0000] {standard_task_runner.py:105} INFO - Job 8: Subtask fetch_book_data
[2024-11-11T10:41:20.216+0000] {task_command.py:467} INFO - Running <TaskInstance: fetch_and_store_amazon_books.fetch_book_data scheduled__2024-06-28T00:00:00+00:00 [running]> on host 9b97cedb77c2
[2024-11-11T10:41:20.434+0000] {taskinstance.py:3132} INFO - Exporting env vars: AIRFLOW_CTX_DAG_OWNER='***' AIRFLOW_CTX_DAG_ID='fetch_and_store_amazon_books' AIRFLOW_CTX_TASK_ID='fetch_book_data' AIRFLOW_CTX_EXECUTION_DATE='2024-06-28T00:00:00+00:00' AIRFLOW_CTX_TRY_NUMBER='1' AIRFLOW_CTX_DAG_RUN_ID='scheduled__2024-06-28T00:00:00+00:00'
[2024-11-11T10:41:20.435+0000] {logging_mixin.py:190} INFO - Task instance is in running state
[2024-11-11T10:41:20.436+0000] {logging_mixin.py:190} INFO -  Previous state of the Task instance: queued
[2024-11-11T10:41:20.444+0000] {logging_mixin.py:190} INFO - Current task name:fetch_book_data state:running start_date:2024-11-11 10:41:20.018274+00:00
[2024-11-11T10:41:20.447+0000] {logging_mixin.py:190} INFO - Dag name:fetch_and_store_amazon_books and current dag run status:running
[2024-11-11T10:41:20.450+0000] {taskinstance.py:731} INFO - ::endgroup::
[2024-11-11T10:41:25.196+0000] {python.py:240} INFO - Done. Returned value was: None
[2024-11-11T10:41:25.206+0000] {taskinstance.py:340} INFO - ::group::Post task execution logs
[2024-11-11T10:41:25.207+0000] {taskinstance.py:352} INFO - Marking task as SUCCESS. dag_id=fetch_and_store_amazon_books, task_id=fetch_book_data, run_id=scheduled__2024-06-28T00:00:00+00:00, execution_date=20240628T000000, start_date=20241111T104120, end_date=20241111T104125
[2024-11-11T10:41:25.249+0000] {logging_mixin.py:190} INFO - Task instance in success state
[2024-11-11T10:41:25.250+0000] {logging_mixin.py:190} INFO -  Previous state of the Task instance: running
[2024-11-11T10:41:25.250+0000] {logging_mixin.py:190} INFO - Dag name:fetch_and_store_amazon_books queued_at:2024-11-11 10:41:15.342573+00:00
[2024-11-11T10:41:25.254+0000] {logging_mixin.py:190} INFO - Task hostname:9b97cedb77c2 operator:PythonOperator
[2024-11-11T10:41:25.302+0000] {local_task_job_runner.py:266} INFO - Task exited with return code 0
[2024-11-11T10:41:25.321+0000] {local_task_job_runner.py:245} INFO - ::endgroup::
[2024-11-11T10:50:39.908+0000] {local_task_job_runner.py:123} INFO - ::group::Pre task execution logs
[2024-11-11T10:50:39.942+0000] {taskinstance.py:2613} INFO - Dependencies all met for dep_context=non-requeueable deps ti=<TaskInstance: fetch_and_store_amazon_books.fetch_book_data scheduled__2024-06-28T00:00:00+00:00 [queued]>
[2024-11-11T10:50:39.961+0000] {taskinstance.py:2613} INFO - Dependencies all met for dep_context=requeueable deps ti=<TaskInstance: fetch_and_store_amazon_books.fetch_book_data scheduled__2024-06-28T00:00:00+00:00 [queued]>
[2024-11-11T10:50:39.965+0000] {taskinstance.py:2866} INFO - Starting attempt 1 of 2
[2024-11-11T10:50:40.000+0000] {taskinstance.py:2889} INFO - Executing <Task(PythonOperator): fetch_book_data> on 2024-06-28 00:00:00+00:00
[2024-11-11T10:50:40.008+0000] {warnings.py:112} WARNING - /home/***/.local/lib/python3.12/site-packages/***/task/task_runner/standard_task_runner.py:70: DeprecationWarning: This process (pid=134) is multi-threaded, use of fork() may lead to deadlocks in the child.
  pid = os.fork()

[2024-11-11T10:50:40.012+0000] {standard_task_runner.py:72} INFO - Started process 169 to run task
[2024-11-11T10:50:40.017+0000] {standard_task_runner.py:104} INFO - Running: ['***', 'tasks', 'run', 'fetch_and_store_amazon_books', 'fetch_book_data', 'scheduled__2024-06-28T00:00:00+00:00', '--job-id', '56', '--raw', '--subdir', 'DAGS_FOLDER/app.py', '--cfg-path', '/tmp/tmpyva0r69z']
[2024-11-11T10:50:40.018+0000] {standard_task_runner.py:105} INFO - Job 56: Subtask fetch_book_data
[2024-11-11T10:50:40.122+0000] {task_command.py:467} INFO - Running <TaskInstance: fetch_and_store_amazon_books.fetch_book_data scheduled__2024-06-28T00:00:00+00:00 [running]> on host a277cbbf8348
[2024-11-11T10:50:40.214+0000] {taskinstance.py:3132} INFO - Exporting env vars: AIRFLOW_CTX_DAG_OWNER='***' AIRFLOW_CTX_DAG_ID='fetch_and_store_amazon_books' AIRFLOW_CTX_TASK_ID='fetch_book_data' AIRFLOW_CTX_EXECUTION_DATE='2024-06-28T00:00:00+00:00' AIRFLOW_CTX_TRY_NUMBER='1' AIRFLOW_CTX_DAG_RUN_ID='scheduled__2024-06-28T00:00:00+00:00'
[2024-11-11T10:50:40.215+0000] {logging_mixin.py:190} INFO - Task instance is in running state
[2024-11-11T10:50:40.216+0000] {logging_mixin.py:190} INFO -  Previous state of the Task instance: queued
[2024-11-11T10:50:40.216+0000] {logging_mixin.py:190} INFO - Current task name:fetch_book_data state:running start_date:2024-11-11 10:50:39.943281+00:00
[2024-11-11T10:50:40.219+0000] {logging_mixin.py:190} INFO - Dag name:fetch_and_store_amazon_books and current dag run status:running
[2024-11-11T10:50:40.220+0000] {taskinstance.py:731} INFO - ::endgroup::
[2024-11-11T10:50:42.041+0000] {python.py:240} INFO - Done. Returned value was: None
[2024-11-11T10:50:42.056+0000] {taskinstance.py:340} INFO - ::group::Post task execution logs
[2024-11-11T10:50:42.057+0000] {taskinstance.py:352} INFO - Marking task as SUCCESS. dag_id=fetch_and_store_amazon_books, task_id=fetch_book_data, run_id=scheduled__2024-06-28T00:00:00+00:00, execution_date=20240628T000000, start_date=20241111T105039, end_date=20241111T105042
[2024-11-11T10:50:42.071+0000] {logging_mixin.py:190} INFO - Task instance in success state
[2024-11-11T10:50:42.073+0000] {logging_mixin.py:190} INFO -  Previous state of the Task instance: running
[2024-11-11T10:50:42.074+0000] {logging_mixin.py:190} INFO - Dag name:fetch_and_store_amazon_books queued_at:2024-11-11 10:50:35.668832+00:00
[2024-11-11T10:50:42.075+0000] {logging_mixin.py:190} INFO - Task hostname:a277cbbf8348 operator:PythonOperator
[2024-11-11T10:50:42.106+0000] {local_task_job_runner.py:266} INFO - Task exited with return code 0
[2024-11-11T10:50:42.130+0000] {taskinstance.py:3895} INFO - 1 downstream tasks scheduled from follow-on schedule check
[2024-11-11T10:50:42.131+0000] {local_task_job_runner.py:245} INFO - ::endgroup::
