[2024-11-11T10:41:20.030+0000] {local_task_job_runner.py:123} INFO - ::group::Pre task execution logs
[2024-11-11T10:41:20.045+0000] {taskinstance.py:2613} INFO - Dependencies all met for dep_context=non-requeueable deps ti=<TaskInstance: fetch_and_store_amazon_books.fetch_book_data scheduled__2024-06-27T00:00:00+00:00 [queued]>
[2024-11-11T10:41:20.051+0000] {taskinstance.py:2613} INFO - Dependencies all met for dep_context=requeueable deps ti=<TaskInstance: fetch_and_store_amazon_books.fetch_book_data scheduled__2024-06-27T00:00:00+00:00 [queued]>
[2024-11-11T10:41:20.052+0000] {taskinstance.py:2866} INFO - Starting attempt 1 of 2
[2024-11-11T10:41:20.060+0000] {taskinstance.py:2889} INFO - Executing <Task(PythonOperator): fetch_book_data> on 2024-06-27 00:00:00+00:00
[2024-11-11T10:41:20.071+0000] {standard_task_runner.py:104} INFO - Running: ['***', 'tasks', 'run', 'fetch_and_store_amazon_books', 'fetch_book_data', 'scheduled__2024-06-27T00:00:00+00:00', '--job-id', '9', '--raw', '--subdir', 'DAGS_FOLDER/app.py', '--cfg-path', '/tmp/tmphkswxgp6']
[2024-11-11T10:41:20.072+0000] {warnings.py:112} WARNING - /home/***/.local/lib/python3.12/site-packages/***/task/task_runner/standard_task_runner.py:70: DeprecationWarning: This process (pid=280) is multi-threaded, use of fork() may lead to deadlocks in the child.
  pid = os.fork()

[2024-11-11T10:41:20.073+0000] {standard_task_runner.py:105} INFO - Job 9: Subtask fetch_book_data
[2024-11-11T10:41:20.075+0000] {standard_task_runner.py:72} INFO - Started process 291 to run task
[2024-11-11T10:41:20.186+0000] {task_command.py:467} INFO - Running <TaskInstance: fetch_and_store_amazon_books.fetch_book_data scheduled__2024-06-27T00:00:00+00:00 [running]> on host 9b97cedb77c2
[2024-11-11T10:41:20.401+0000] {taskinstance.py:3132} INFO - Exporting env vars: AIRFLOW_CTX_DAG_OWNER='***' AIRFLOW_CTX_DAG_ID='fetch_and_store_amazon_books' AIRFLOW_CTX_TASK_ID='fetch_book_data' AIRFLOW_CTX_EXECUTION_DATE='2024-06-27T00:00:00+00:00' AIRFLOW_CTX_TRY_NUMBER='1' AIRFLOW_CTX_DAG_RUN_ID='scheduled__2024-06-27T00:00:00+00:00'
[2024-11-11T10:41:20.404+0000] {logging_mixin.py:190} INFO - Task instance is in running state
[2024-11-11T10:41:20.405+0000] {logging_mixin.py:190} INFO -  Previous state of the Task instance: queued
[2024-11-11T10:41:20.408+0000] {logging_mixin.py:190} INFO - Current task name:fetch_book_data state:running start_date:2024-11-11 10:41:20.046963+00:00
[2024-11-11T10:41:20.410+0000] {logging_mixin.py:190} INFO - Dag name:fetch_and_store_amazon_books and current dag run status:running
[2024-11-11T10:41:20.412+0000] {taskinstance.py:731} INFO - ::endgroup::
[2024-11-11T10:41:24.449+0000] {python.py:240} INFO - Done. Returned value was: None
[2024-11-11T10:41:24.457+0000] {taskinstance.py:340} INFO - ::group::Post task execution logs
[2024-11-11T10:41:24.457+0000] {taskinstance.py:352} INFO - Marking task as SUCCESS. dag_id=fetch_and_store_amazon_books, task_id=fetch_book_data, run_id=scheduled__2024-06-27T00:00:00+00:00, execution_date=20240627T000000, start_date=20241111T104120, end_date=20241111T104124
[2024-11-11T10:41:24.465+0000] {logging_mixin.py:190} INFO - Task instance in success state
[2024-11-11T10:41:24.465+0000] {logging_mixin.py:190} INFO -  Previous state of the Task instance: running
[2024-11-11T10:41:24.465+0000] {logging_mixin.py:190} INFO - Dag name:fetch_and_store_amazon_books queued_at:2024-11-11 10:41:15.223280+00:00
[2024-11-11T10:41:24.465+0000] {logging_mixin.py:190} INFO - Task hostname:9b97cedb77c2 operator:PythonOperator
[2024-11-11T10:41:24.483+0000] {local_task_job_runner.py:266} INFO - Task exited with return code 0
[2024-11-11T10:41:24.507+0000] {taskinstance.py:3895} INFO - 1 downstream tasks scheduled from follow-on schedule check
[2024-11-11T10:41:24.508+0000] {local_task_job_runner.py:245} INFO - ::endgroup::
[2024-11-11T10:50:39.890+0000] {local_task_job_runner.py:123} INFO - ::group::Pre task execution logs
[2024-11-11T10:50:39.917+0000] {taskinstance.py:2613} INFO - Dependencies all met for dep_context=non-requeueable deps ti=<TaskInstance: fetch_and_store_amazon_books.fetch_book_data scheduled__2024-06-27T00:00:00+00:00 [queued]>
[2024-11-11T10:50:39.936+0000] {taskinstance.py:2613} INFO - Dependencies all met for dep_context=requeueable deps ti=<TaskInstance: fetch_and_store_amazon_books.fetch_book_data scheduled__2024-06-27T00:00:00+00:00 [queued]>
[2024-11-11T10:50:39.938+0000] {taskinstance.py:2866} INFO - Starting attempt 1 of 2
[2024-11-11T10:50:39.972+0000] {taskinstance.py:2889} INFO - Executing <Task(PythonOperator): fetch_book_data> on 2024-06-27 00:00:00+00:00
[2024-11-11T10:50:39.988+0000] {standard_task_runner.py:104} INFO - Running: ['***', 'tasks', 'run', 'fetch_and_store_amazon_books', 'fetch_book_data', 'scheduled__2024-06-27T00:00:00+00:00', '--job-id', '53', '--raw', '--subdir', 'DAGS_FOLDER/app.py', '--cfg-path', '/tmp/tmp6k5bh3oa']
[2024-11-11T10:50:39.983+0000] {warnings.py:112} WARNING - /home/***/.local/lib/python3.12/site-packages/***/task/task_runner/standard_task_runner.py:70: DeprecationWarning: This process (pid=133) is multi-threaded, use of fork() may lead to deadlocks in the child.
  pid = os.fork()

[2024-11-11T10:50:39.993+0000] {standard_task_runner.py:105} INFO - Job 53: Subtask fetch_book_data
[2024-11-11T10:50:39.993+0000] {standard_task_runner.py:72} INFO - Started process 165 to run task
[2024-11-11T10:50:40.106+0000] {task_command.py:467} INFO - Running <TaskInstance: fetch_and_store_amazon_books.fetch_book_data scheduled__2024-06-27T00:00:00+00:00 [running]> on host a277cbbf8348
[2024-11-11T10:50:40.203+0000] {taskinstance.py:3132} INFO - Exporting env vars: AIRFLOW_CTX_DAG_OWNER='***' AIRFLOW_CTX_DAG_ID='fetch_and_store_amazon_books' AIRFLOW_CTX_TASK_ID='fetch_book_data' AIRFLOW_CTX_EXECUTION_DATE='2024-06-27T00:00:00+00:00' AIRFLOW_CTX_TRY_NUMBER='1' AIRFLOW_CTX_DAG_RUN_ID='scheduled__2024-06-27T00:00:00+00:00'
[2024-11-11T10:50:40.207+0000] {logging_mixin.py:190} INFO - Task instance is in running state
[2024-11-11T10:50:40.207+0000] {logging_mixin.py:190} INFO -  Previous state of the Task instance: queued
[2024-11-11T10:50:40.207+0000] {logging_mixin.py:190} INFO - Current task name:fetch_book_data state:running start_date:2024-11-11 10:50:39.919015+00:00
[2024-11-11T10:50:40.208+0000] {logging_mixin.py:190} INFO - Dag name:fetch_and_store_amazon_books and current dag run status:running
[2024-11-11T10:50:40.209+0000] {taskinstance.py:731} INFO - ::endgroup::
[2024-11-11T10:50:42.511+0000] {python.py:240} INFO - Done. Returned value was: None
[2024-11-11T10:50:42.538+0000] {taskinstance.py:340} INFO - ::group::Post task execution logs
[2024-11-11T10:50:42.539+0000] {taskinstance.py:352} INFO - Marking task as SUCCESS. dag_id=fetch_and_store_amazon_books, task_id=fetch_book_data, run_id=scheduled__2024-06-27T00:00:00+00:00, execution_date=20240627T000000, start_date=20241111T105039, end_date=20241111T105042
[2024-11-11T10:50:42.553+0000] {logging_mixin.py:190} INFO - Task instance in success state
[2024-11-11T10:50:42.554+0000] {logging_mixin.py:190} INFO -  Previous state of the Task instance: running
[2024-11-11T10:50:42.556+0000] {logging_mixin.py:190} INFO - Dag name:fetch_and_store_amazon_books queued_at:2024-11-11 10:50:35.548106+00:00
[2024-11-11T10:50:42.557+0000] {logging_mixin.py:190} INFO - Task hostname:a277cbbf8348 operator:PythonOperator
[2024-11-11T10:50:42.595+0000] {local_task_job_runner.py:266} INFO - Task exited with return code 0
[2024-11-11T10:50:42.609+0000] {local_task_job_runner.py:245} INFO - ::endgroup::
