[2024-11-11T10:51:39.895+0000] {local_task_job_runner.py:123} INFO - ::group::Pre task execution logs
[2024-11-11T10:51:39.914+0000] {taskinstance.py:2613} INFO - Dependencies all met for dep_context=non-requeueable deps ti=<TaskInstance: fetch_and_store_amazon_books.fetch_book_data scheduled__2024-08-11T00:00:00+00:00 [queued]>
[2024-11-11T10:51:39.924+0000] {taskinstance.py:2613} INFO - Dependencies all met for dep_context=requeueable deps ti=<TaskInstance: fetch_and_store_amazon_books.fetch_book_data scheduled__2024-08-11T00:00:00+00:00 [queued]>
[2024-11-11T10:51:39.926+0000] {taskinstance.py:2866} INFO - Starting attempt 1 of 2
[2024-11-11T10:51:39.937+0000] {taskinstance.py:2889} INFO - Executing <Task(PythonOperator): fetch_book_data> on 2024-08-11 00:00:00+00:00
[2024-11-11T10:51:39.948+0000] {warnings.py:112} WARNING - /home/***/.local/lib/python3.12/site-packages/***/task/task_runner/standard_task_runner.py:70: DeprecationWarning: This process (pid=569) is multi-threaded, use of fork() may lead to deadlocks in the child.
  pid = os.fork()

[2024-11-11T10:51:39.950+0000] {standard_task_runner.py:72} INFO - Started process 583 to run task
[2024-11-11T10:51:39.950+0000] {standard_task_runner.py:104} INFO - Running: ['***', 'tasks', 'run', 'fetch_and_store_amazon_books', 'fetch_book_data', 'scheduled__2024-08-11T00:00:00+00:00', '--job-id', '187', '--raw', '--subdir', 'DAGS_FOLDER/app.py', '--cfg-path', '/tmp/tmp0dtxu0kn']
[2024-11-11T10:51:39.951+0000] {standard_task_runner.py:105} INFO - Job 187: Subtask fetch_book_data
[2024-11-11T10:51:40.000+0000] {task_command.py:467} INFO - Running <TaskInstance: fetch_and_store_amazon_books.fetch_book_data scheduled__2024-08-11T00:00:00+00:00 [running]> on host a277cbbf8348
[2024-11-11T10:51:40.064+0000] {taskinstance.py:3132} INFO - Exporting env vars: AIRFLOW_CTX_DAG_OWNER='***' AIRFLOW_CTX_DAG_ID='fetch_and_store_amazon_books' AIRFLOW_CTX_TASK_ID='fetch_book_data' AIRFLOW_CTX_EXECUTION_DATE='2024-08-11T00:00:00+00:00' AIRFLOW_CTX_TRY_NUMBER='1' AIRFLOW_CTX_DAG_RUN_ID='scheduled__2024-08-11T00:00:00+00:00'
[2024-11-11T10:51:40.065+0000] {logging_mixin.py:190} INFO - Task instance is in running state
[2024-11-11T10:51:40.066+0000] {logging_mixin.py:190} INFO -  Previous state of the Task instance: queued
[2024-11-11T10:51:40.066+0000] {logging_mixin.py:190} INFO - Current task name:fetch_book_data state:running start_date:2024-11-11 10:51:39.917089+00:00
[2024-11-11T10:51:40.067+0000] {logging_mixin.py:190} INFO - Dag name:fetch_and_store_amazon_books and current dag run status:running
[2024-11-11T10:51:40.067+0000] {taskinstance.py:731} INFO - ::endgroup::
[2024-11-11T10:51:41.375+0000] {python.py:240} INFO - Done. Returned value was: None
[2024-11-11T10:51:41.381+0000] {taskinstance.py:340} INFO - ::group::Post task execution logs
[2024-11-11T10:51:41.382+0000] {taskinstance.py:352} INFO - Marking task as SUCCESS. dag_id=fetch_and_store_amazon_books, task_id=fetch_book_data, run_id=scheduled__2024-08-11T00:00:00+00:00, execution_date=20240811T000000, start_date=20241111T105139, end_date=20241111T105141
[2024-11-11T10:51:41.387+0000] {logging_mixin.py:190} INFO - Task instance in success state
[2024-11-11T10:51:41.387+0000] {logging_mixin.py:190} INFO -  Previous state of the Task instance: running
[2024-11-11T10:51:41.387+0000] {logging_mixin.py:190} INFO - Dag name:fetch_and_store_amazon_books queued_at:2024-11-11 10:51:38.564462+00:00
[2024-11-11T10:51:41.388+0000] {logging_mixin.py:190} INFO - Task hostname:a277cbbf8348 operator:PythonOperator
[2024-11-11T10:51:41.417+0000] {local_task_job_runner.py:266} INFO - Task exited with return code 0
[2024-11-11T10:51:41.436+0000] {taskinstance.py:3895} INFO - 1 downstream tasks scheduled from follow-on schedule check
[2024-11-11T10:51:41.437+0000] {local_task_job_runner.py:245} INFO - ::endgroup::
