[2024-11-11T10:51:39.554+0000] {local_task_job_runner.py:123} INFO - ::group::Pre task execution logs
[2024-11-11T10:51:39.576+0000] {taskinstance.py:2613} INFO - Dependencies all met for dep_context=non-requeueable deps ti=<TaskInstance: fetch_and_store_amazon_books.create_table scheduled__2024-08-07T00:00:00+00:00 [queued]>
[2024-11-11T10:51:39.625+0000] {taskinstance.py:2613} INFO - Dependencies all met for dep_context=requeueable deps ti=<TaskInstance: fetch_and_store_amazon_books.create_table scheduled__2024-08-07T00:00:00+00:00 [queued]>
[2024-11-11T10:51:39.627+0000] {taskinstance.py:2866} INFO - Starting attempt 1 of 2
[2024-11-11T10:51:39.642+0000] {taskinstance.py:2889} INFO - Executing <Task(PostgresOperator): create_table> on 2024-08-07 00:00:00+00:00
[2024-11-11T10:51:39.652+0000] {warnings.py:112} WARNING - /home/***/.local/lib/python3.12/site-packages/***/task/task_runner/standard_task_runner.py:70: DeprecationWarning: This process (pid=565) is multi-threaded, use of fork() may lead to deadlocks in the child.
  pid = os.fork()

[2024-11-11T10:51:39.654+0000] {standard_task_runner.py:72} INFO - Started process 575 to run task
[2024-11-11T10:51:39.655+0000] {standard_task_runner.py:104} INFO - Running: ['***', 'tasks', 'run', 'fetch_and_store_amazon_books', 'create_table', 'scheduled__2024-08-07T00:00:00+00:00', '--job-id', '183', '--raw', '--subdir', 'DAGS_FOLDER/app.py', '--cfg-path', '/tmp/tmpqgv2y57p']
[2024-11-11T10:51:39.658+0000] {standard_task_runner.py:105} INFO - Job 183: Subtask create_table
[2024-11-11T10:51:39.725+0000] {task_command.py:467} INFO - Running <TaskInstance: fetch_and_store_amazon_books.create_table scheduled__2024-08-07T00:00:00+00:00 [running]> on host a277cbbf8348
[2024-11-11T10:51:39.821+0000] {taskinstance.py:3132} INFO - Exporting env vars: AIRFLOW_CTX_DAG_OWNER='***' AIRFLOW_CTX_DAG_ID='fetch_and_store_amazon_books' AIRFLOW_CTX_TASK_ID='create_table' AIRFLOW_CTX_EXECUTION_DATE='2024-08-07T00:00:00+00:00' AIRFLOW_CTX_TRY_NUMBER='1' AIRFLOW_CTX_DAG_RUN_ID='scheduled__2024-08-07T00:00:00+00:00'
[2024-11-11T10:51:39.824+0000] {logging_mixin.py:190} INFO - Task instance is in running state
[2024-11-11T10:51:39.824+0000] {logging_mixin.py:190} INFO -  Previous state of the Task instance: queued
[2024-11-11T10:51:39.825+0000] {logging_mixin.py:190} INFO - Current task name:create_table state:running start_date:2024-11-11 10:51:39.577284+00:00
[2024-11-11T10:51:39.825+0000] {logging_mixin.py:190} INFO - Dag name:fetch_and_store_amazon_books and current dag run status:running
[2024-11-11T10:51:39.826+0000] {taskinstance.py:731} INFO - ::endgroup::
[2024-11-11T10:51:39.826+0000] {sql.py:278} INFO - Executing: 
    CREATE TABLE IF NOT EXISTS books (
        id SERIAL PRIMARY KEY,
        title TEXT NOT NULL,
        authors TEXT,
        price TEXT,
        rating TEXT
    );
    
[2024-11-11T10:51:39.840+0000] {base.py:84} INFO - Retrieving connection 'books_connection'
[2024-11-11T10:51:39.851+0000] {base.py:84} INFO - Retrieving connection 'books_connection'
[2024-11-11T10:51:39.857+0000] {sql.py:544} INFO - Running statement: 
    CREATE TABLE IF NOT EXISTS books (
        id SERIAL PRIMARY KEY,
        title TEXT NOT NULL,
        authors TEXT,
        price TEXT,
        rating TEXT
    );
    , parameters: None
[2024-11-11T10:51:39.873+0000] {taskinstance.py:340} INFO - ::group::Post task execution logs
[2024-11-11T10:51:39.877+0000] {taskinstance.py:352} INFO - Marking task as SUCCESS. dag_id=fetch_and_store_amazon_books, task_id=create_table, run_id=scheduled__2024-08-07T00:00:00+00:00, execution_date=20240807T000000, start_date=20241111T105139, end_date=20241111T105139
[2024-11-11T10:51:39.887+0000] {logging_mixin.py:190} INFO - Task instance in success state
[2024-11-11T10:51:39.889+0000] {logging_mixin.py:190} INFO -  Previous state of the Task instance: running
[2024-11-11T10:51:39.891+0000] {logging_mixin.py:190} INFO - Dag name:fetch_and_store_amazon_books queued_at:2024-11-11 10:51:34.988143+00:00
[2024-11-11T10:51:39.893+0000] {logging_mixin.py:190} INFO - Task hostname:a277cbbf8348 operator:PostgresOperator
[2024-11-11T10:51:39.928+0000] {local_task_job_runner.py:266} INFO - Task exited with return code 0
[2024-11-11T10:51:39.946+0000] {taskinstance.py:3895} INFO - 1 downstream tasks scheduled from follow-on schedule check
[2024-11-11T10:51:39.950+0000] {local_task_job_runner.py:245} INFO - ::endgroup::
