[2024-11-11T10:41:20.057+0000] {local_task_job_runner.py:123} INFO - ::group::Pre task execution logs
[2024-11-11T10:41:20.091+0000] {taskinstance.py:2613} INFO - Dependencies all met for dep_context=non-requeueable deps ti=<TaskInstance: fetch_and_store_amazon_books.fetch_book_data scheduled__2024-07-01T00:00:00+00:00 [queued]>
[2024-11-11T10:41:20.107+0000] {taskinstance.py:2613} INFO - Dependencies all met for dep_context=requeueable deps ti=<TaskInstance: fetch_and_store_amazon_books.fetch_book_data scheduled__2024-07-01T00:00:00+00:00 [queued]>
[2024-11-11T10:41:20.111+0000] {taskinstance.py:2866} INFO - Starting attempt 1 of 2
[2024-11-11T10:41:20.151+0000] {taskinstance.py:2889} INFO - Executing <Task(PythonOperator): fetch_book_data> on 2024-07-01 00:00:00+00:00
[2024-11-11T10:41:20.159+0000] {warnings.py:112} WARNING - /home/***/.local/lib/python3.12/site-packages/***/task/task_runner/standard_task_runner.py:70: DeprecationWarning: This process (pid=284) is multi-threaded, use of fork() may lead to deadlocks in the child.
  pid = os.fork()

[2024-11-11T10:41:20.161+0000] {standard_task_runner.py:104} INFO - Running: ['***', 'tasks', 'run', 'fetch_and_store_amazon_books', 'fetch_book_data', 'scheduled__2024-07-01T00:00:00+00:00', '--job-id', '14', '--raw', '--subdir', 'DAGS_FOLDER/app.py', '--cfg-path', '/tmp/tmp63hub2wz']
[2024-11-11T10:41:20.175+0000] {standard_task_runner.py:105} INFO - Job 14: Subtask fetch_book_data
[2024-11-11T10:41:20.169+0000] {standard_task_runner.py:72} INFO - Started process 299 to run task
[2024-11-11T10:41:20.372+0000] {task_command.py:467} INFO - Running <TaskInstance: fetch_and_store_amazon_books.fetch_book_data scheduled__2024-07-01T00:00:00+00:00 [running]> on host 9b97cedb77c2
[2024-11-11T10:41:20.484+0000] {taskinstance.py:3132} INFO - Exporting env vars: AIRFLOW_CTX_DAG_OWNER='***' AIRFLOW_CTX_DAG_ID='fetch_and_store_amazon_books' AIRFLOW_CTX_TASK_ID='fetch_book_data' AIRFLOW_CTX_EXECUTION_DATE='2024-07-01T00:00:00+00:00' AIRFLOW_CTX_TRY_NUMBER='1' AIRFLOW_CTX_DAG_RUN_ID='scheduled__2024-07-01T00:00:00+00:00'
[2024-11-11T10:41:20.488+0000] {logging_mixin.py:190} INFO - Task instance is in running state
[2024-11-11T10:41:20.489+0000] {logging_mixin.py:190} INFO -  Previous state of the Task instance: queued
[2024-11-11T10:41:20.492+0000] {logging_mixin.py:190} INFO - Current task name:fetch_book_data state:running start_date:2024-11-11 10:41:20.092186+00:00
[2024-11-11T10:41:20.493+0000] {logging_mixin.py:190} INFO - Dag name:fetch_and_store_amazon_books and current dag run status:running
[2024-11-11T10:41:20.493+0000] {taskinstance.py:731} INFO - ::endgroup::
[2024-11-11T10:41:24.972+0000] {python.py:240} INFO - Done. Returned value was: None
[2024-11-11T10:41:25.011+0000] {taskinstance.py:340} INFO - ::group::Post task execution logs
[2024-11-11T10:41:25.018+0000] {taskinstance.py:352} INFO - Marking task as SUCCESS. dag_id=fetch_and_store_amazon_books, task_id=fetch_book_data, run_id=scheduled__2024-07-01T00:00:00+00:00, execution_date=20240701T000000, start_date=20241111T104120, end_date=20241111T104125
[2024-11-11T10:41:25.138+0000] {logging_mixin.py:190} INFO - Task instance in success state
[2024-11-11T10:41:25.138+0000] {logging_mixin.py:190} INFO -  Previous state of the Task instance: running
[2024-11-11T10:41:25.139+0000] {logging_mixin.py:190} INFO - Dag name:fetch_and_store_amazon_books queued_at:2024-11-11 10:41:15.832659+00:00
[2024-11-11T10:41:25.142+0000] {logging_mixin.py:190} INFO - Task hostname:9b97cedb77c2 operator:PythonOperator
[2024-11-11T10:41:25.162+0000] {local_task_job_runner.py:266} INFO - Task exited with return code 0
[2024-11-11T10:41:25.212+0000] {taskinstance.py:3895} INFO - 1 downstream tasks scheduled from follow-on schedule check
[2024-11-11T10:41:25.214+0000] {local_task_job_runner.py:245} INFO - ::endgroup::
[2024-11-11T10:41:25.234+0000] {standard_task_runner.py:217} INFO - Process not found (most likely exited), stop collecting metrics
[2024-11-11T10:50:39.865+0000] {local_task_job_runner.py:123} INFO - ::group::Pre task execution logs
[2024-11-11T10:50:39.889+0000] {taskinstance.py:2613} INFO - Dependencies all met for dep_context=non-requeueable deps ti=<TaskInstance: fetch_and_store_amazon_books.fetch_book_data scheduled__2024-07-01T00:00:00+00:00 [queued]>
[2024-11-11T10:50:39.901+0000] {taskinstance.py:2613} INFO - Dependencies all met for dep_context=requeueable deps ti=<TaskInstance: fetch_and_store_amazon_books.fetch_book_data scheduled__2024-07-01T00:00:00+00:00 [queued]>
[2024-11-11T10:50:39.904+0000] {taskinstance.py:2866} INFO - Starting attempt 1 of 2
[2024-11-11T10:50:39.918+0000] {taskinstance.py:2889} INFO - Executing <Task(PythonOperator): fetch_book_data> on 2024-07-01 00:00:00+00:00
[2024-11-11T10:50:39.927+0000] {warnings.py:112} WARNING - /home/***/.local/lib/python3.12/site-packages/***/task/task_runner/standard_task_runner.py:70: DeprecationWarning: This process (pid=137) is multi-threaded, use of fork() may lead to deadlocks in the child.
  pid = os.fork()

[2024-11-11T10:50:39.931+0000] {standard_task_runner.py:72} INFO - Started process 155 to run task
[2024-11-11T10:50:39.930+0000] {standard_task_runner.py:104} INFO - Running: ['***', 'tasks', 'run', 'fetch_and_store_amazon_books', 'fetch_book_data', 'scheduled__2024-07-01T00:00:00+00:00', '--job-id', '49', '--raw', '--subdir', 'DAGS_FOLDER/app.py', '--cfg-path', '/tmp/tmp7scyhjil']
[2024-11-11T10:50:39.941+0000] {standard_task_runner.py:105} INFO - Job 49: Subtask fetch_book_data
[2024-11-11T10:50:40.104+0000] {task_command.py:467} INFO - Running <TaskInstance: fetch_and_store_amazon_books.fetch_book_data scheduled__2024-07-01T00:00:00+00:00 [running]> on host a277cbbf8348
[2024-11-11T10:50:40.200+0000] {taskinstance.py:3132} INFO - Exporting env vars: AIRFLOW_CTX_DAG_OWNER='***' AIRFLOW_CTX_DAG_ID='fetch_and_store_amazon_books' AIRFLOW_CTX_TASK_ID='fetch_book_data' AIRFLOW_CTX_EXECUTION_DATE='2024-07-01T00:00:00+00:00' AIRFLOW_CTX_TRY_NUMBER='1' AIRFLOW_CTX_DAG_RUN_ID='scheduled__2024-07-01T00:00:00+00:00'
[2024-11-11T10:50:40.202+0000] {logging_mixin.py:190} INFO - Task instance is in running state
[2024-11-11T10:50:40.203+0000] {logging_mixin.py:190} INFO -  Previous state of the Task instance: queued
[2024-11-11T10:50:40.205+0000] {logging_mixin.py:190} INFO - Current task name:fetch_book_data state:running start_date:2024-11-11 10:50:39.892174+00:00
[2024-11-11T10:50:40.206+0000] {logging_mixin.py:190} INFO - Dag name:fetch_and_store_amazon_books and current dag run status:running
[2024-11-11T10:50:40.206+0000] {taskinstance.py:731} INFO - ::endgroup::
[2024-11-11T10:50:42.046+0000] {python.py:240} INFO - Done. Returned value was: None
[2024-11-11T10:50:42.058+0000] {taskinstance.py:340} INFO - ::group::Post task execution logs
[2024-11-11T10:50:42.059+0000] {taskinstance.py:352} INFO - Marking task as SUCCESS. dag_id=fetch_and_store_amazon_books, task_id=fetch_book_data, run_id=scheduled__2024-07-01T00:00:00+00:00, execution_date=20240701T000000, start_date=20241111T105039, end_date=20241111T105042
[2024-11-11T10:50:42.071+0000] {logging_mixin.py:190} INFO - Task instance in success state
[2024-11-11T10:50:42.073+0000] {logging_mixin.py:190} INFO -  Previous state of the Task instance: running
[2024-11-11T10:50:42.074+0000] {logging_mixin.py:190} INFO - Dag name:fetch_and_store_amazon_books queued_at:2024-11-11 10:50:36.209225+00:00
[2024-11-11T10:50:42.075+0000] {logging_mixin.py:190} INFO - Task hostname:a277cbbf8348 operator:PythonOperator
[2024-11-11T10:50:42.104+0000] {local_task_job_runner.py:266} INFO - Task exited with return code 0
[2024-11-11T10:50:42.127+0000] {taskinstance.py:3895} INFO - 1 downstream tasks scheduled from follow-on schedule check
[2024-11-11T10:50:42.128+0000] {local_task_job_runner.py:245} INFO - ::endgroup::
