[2024-11-11T10:41:20.084+0000] {local_task_job_runner.py:123} INFO - ::group::Pre task execution logs
[2024-11-11T10:41:20.096+0000] {taskinstance.py:2613} INFO - Dependencies all met for dep_context=non-requeueable deps ti=<TaskInstance: fetch_and_store_amazon_books.fetch_book_data scheduled__2024-06-26T00:00:00+00:00 [queued]>
[2024-11-11T10:41:20.101+0000] {taskinstance.py:2613} INFO - Dependencies all met for dep_context=requeueable deps ti=<TaskInstance: fetch_and_store_amazon_books.fetch_book_data scheduled__2024-06-26T00:00:00+00:00 [queued]>
[2024-11-11T10:41:20.102+0000] {taskinstance.py:2866} INFO - Starting attempt 1 of 2
[2024-11-11T10:41:20.123+0000] {taskinstance.py:2889} INFO - Executing <Task(PythonOperator): fetch_book_data> on 2024-06-26 00:00:00+00:00
[2024-11-11T10:41:20.150+0000] {warnings.py:112} WARNING - /home/***/.local/lib/python3.12/site-packages/***/task/task_runner/standard_task_runner.py:70: DeprecationWarning: This process (pid=279) is multi-threaded, use of fork() may lead to deadlocks in the child.
  pid = os.fork()

[2024-11-11T10:41:20.152+0000] {standard_task_runner.py:72} INFO - Started process 298 to run task
[2024-11-11T10:41:20.159+0000] {standard_task_runner.py:104} INFO - Running: ['***', 'tasks', 'run', 'fetch_and_store_amazon_books', 'fetch_book_data', 'scheduled__2024-06-26T00:00:00+00:00', '--job-id', '16', '--raw', '--subdir', 'DAGS_FOLDER/app.py', '--cfg-path', '/tmp/tmptp69d0wh']
[2024-11-11T10:41:20.170+0000] {standard_task_runner.py:105} INFO - Job 16: Subtask fetch_book_data
[2024-11-11T10:41:20.399+0000] {task_command.py:467} INFO - Running <TaskInstance: fetch_and_store_amazon_books.fetch_book_data scheduled__2024-06-26T00:00:00+00:00 [running]> on host 9b97cedb77c2
[2024-11-11T10:41:20.543+0000] {taskinstance.py:3132} INFO - Exporting env vars: AIRFLOW_CTX_DAG_OWNER='***' AIRFLOW_CTX_DAG_ID='fetch_and_store_amazon_books' AIRFLOW_CTX_TASK_ID='fetch_book_data' AIRFLOW_CTX_EXECUTION_DATE='2024-06-26T00:00:00+00:00' AIRFLOW_CTX_TRY_NUMBER='1' AIRFLOW_CTX_DAG_RUN_ID='scheduled__2024-06-26T00:00:00+00:00'
[2024-11-11T10:41:20.547+0000] {logging_mixin.py:190} INFO - Task instance is in running state
[2024-11-11T10:41:20.548+0000] {logging_mixin.py:190} INFO -  Previous state of the Task instance: queued
[2024-11-11T10:41:20.549+0000] {logging_mixin.py:190} INFO - Current task name:fetch_book_data state:running start_date:2024-11-11 10:41:20.097133+00:00
[2024-11-11T10:41:20.550+0000] {logging_mixin.py:190} INFO - Dag name:fetch_and_store_amazon_books and current dag run status:running
[2024-11-11T10:41:20.556+0000] {taskinstance.py:731} INFO - ::endgroup::
[2024-11-11T10:41:24.440+0000] {python.py:240} INFO - Done. Returned value was: None
[2024-11-11T10:41:24.447+0000] {taskinstance.py:340} INFO - ::group::Post task execution logs
[2024-11-11T10:41:24.448+0000] {taskinstance.py:352} INFO - Marking task as SUCCESS. dag_id=fetch_and_store_amazon_books, task_id=fetch_book_data, run_id=scheduled__2024-06-26T00:00:00+00:00, execution_date=20240626T000000, start_date=20241111T104120, end_date=20241111T104124
[2024-11-11T10:41:24.455+0000] {logging_mixin.py:190} INFO - Task instance in success state
[2024-11-11T10:41:24.455+0000] {logging_mixin.py:190} INFO -  Previous state of the Task instance: running
[2024-11-11T10:41:24.455+0000] {logging_mixin.py:190} INFO - Dag name:fetch_and_store_amazon_books queued_at:2024-11-11 10:41:15.081834+00:00
[2024-11-11T10:41:24.455+0000] {logging_mixin.py:190} INFO - Task hostname:9b97cedb77c2 operator:PythonOperator
[2024-11-11T10:41:24.472+0000] {local_task_job_runner.py:266} INFO - Task exited with return code 0
[2024-11-11T10:41:24.492+0000] {taskinstance.py:3895} INFO - 1 downstream tasks scheduled from follow-on schedule check
[2024-11-11T10:41:24.493+0000] {local_task_job_runner.py:245} INFO - ::endgroup::
[2024-11-11T10:50:39.841+0000] {local_task_job_runner.py:123} INFO - ::group::Pre task execution logs
[2024-11-11T10:50:39.861+0000] {taskinstance.py:2613} INFO - Dependencies all met for dep_context=non-requeueable deps ti=<TaskInstance: fetch_and_store_amazon_books.fetch_book_data scheduled__2024-06-26T00:00:00+00:00 [queued]>
[2024-11-11T10:50:39.878+0000] {taskinstance.py:2613} INFO - Dependencies all met for dep_context=requeueable deps ti=<TaskInstance: fetch_and_store_amazon_books.fetch_book_data scheduled__2024-06-26T00:00:00+00:00 [queued]>
[2024-11-11T10:50:39.878+0000] {taskinstance.py:2866} INFO - Starting attempt 1 of 2
[2024-11-11T10:50:39.892+0000] {taskinstance.py:2889} INFO - Executing <Task(PythonOperator): fetch_book_data> on 2024-06-26 00:00:00+00:00
[2024-11-11T10:50:39.913+0000] {warnings.py:112} WARNING - /home/***/.local/lib/python3.12/site-packages/***/task/task_runner/standard_task_runner.py:70: DeprecationWarning: This process (pid=132) is multi-threaded, use of fork() may lead to deadlocks in the child.
  pid = os.fork()

[2024-11-11T10:50:39.916+0000] {standard_task_runner.py:72} INFO - Started process 153 to run task
[2024-11-11T10:50:39.914+0000] {standard_task_runner.py:104} INFO - Running: ['***', 'tasks', 'run', 'fetch_and_store_amazon_books', 'fetch_book_data', 'scheduled__2024-06-26T00:00:00+00:00', '--job-id', '47', '--raw', '--subdir', 'DAGS_FOLDER/app.py', '--cfg-path', '/tmp/tmpap_sfhep']
[2024-11-11T10:50:39.921+0000] {standard_task_runner.py:105} INFO - Job 47: Subtask fetch_book_data
[2024-11-11T10:50:40.046+0000] {task_command.py:467} INFO - Running <TaskInstance: fetch_and_store_amazon_books.fetch_book_data scheduled__2024-06-26T00:00:00+00:00 [running]> on host a277cbbf8348
[2024-11-11T10:50:40.190+0000] {taskinstance.py:3132} INFO - Exporting env vars: AIRFLOW_CTX_DAG_OWNER='***' AIRFLOW_CTX_DAG_ID='fetch_and_store_amazon_books' AIRFLOW_CTX_TASK_ID='fetch_book_data' AIRFLOW_CTX_EXECUTION_DATE='2024-06-26T00:00:00+00:00' AIRFLOW_CTX_TRY_NUMBER='1' AIRFLOW_CTX_DAG_RUN_ID='scheduled__2024-06-26T00:00:00+00:00'
[2024-11-11T10:50:40.196+0000] {logging_mixin.py:190} INFO - Task instance is in running state
[2024-11-11T10:50:40.197+0000] {logging_mixin.py:190} INFO -  Previous state of the Task instance: queued
[2024-11-11T10:50:40.197+0000] {logging_mixin.py:190} INFO - Current task name:fetch_book_data state:running start_date:2024-11-11 10:50:39.863512+00:00
[2024-11-11T10:50:40.197+0000] {logging_mixin.py:190} INFO - Dag name:fetch_and_store_amazon_books and current dag run status:running
[2024-11-11T10:50:40.200+0000] {taskinstance.py:731} INFO - ::endgroup::
[2024-11-11T10:50:42.654+0000] {python.py:240} INFO - Done. Returned value was: None
[2024-11-11T10:50:42.675+0000] {taskinstance.py:340} INFO - ::group::Post task execution logs
[2024-11-11T10:50:42.677+0000] {taskinstance.py:352} INFO - Marking task as SUCCESS. dag_id=fetch_and_store_amazon_books, task_id=fetch_book_data, run_id=scheduled__2024-06-26T00:00:00+00:00, execution_date=20240626T000000, start_date=20241111T105039, end_date=20241111T105042
[2024-11-11T10:50:42.701+0000] {logging_mixin.py:190} INFO - Task instance in success state
[2024-11-11T10:50:42.702+0000] {logging_mixin.py:190} INFO -  Previous state of the Task instance: running
[2024-11-11T10:50:42.703+0000] {logging_mixin.py:190} INFO - Dag name:fetch_and_store_amazon_books queued_at:2024-11-11 10:50:35.443413+00:00
[2024-11-11T10:50:42.704+0000] {logging_mixin.py:190} INFO - Task hostname:a277cbbf8348 operator:PythonOperator
[2024-11-11T10:50:42.765+0000] {local_task_job_runner.py:266} INFO - Task exited with return code 0
[2024-11-11T10:50:42.806+0000] {taskinstance.py:3895} INFO - 1 downstream tasks scheduled from follow-on schedule check
[2024-11-11T10:50:42.810+0000] {local_task_job_runner.py:245} INFO - ::endgroup::
