[2024-11-11T10:41:20.080+0000] {local_task_job_runner.py:123} INFO - ::group::Pre task execution logs
[2024-11-11T10:41:20.109+0000] {taskinstance.py:2613} INFO - Dependencies all met for dep_context=non-requeueable deps ti=<TaskInstance: fetch_and_store_amazon_books.fetch_book_data scheduled__2024-07-03T00:00:00+00:00 [queued]>
[2024-11-11T10:41:20.115+0000] {taskinstance.py:2613} INFO - Dependencies all met for dep_context=requeueable deps ti=<TaskInstance: fetch_and_store_amazon_books.fetch_book_data scheduled__2024-07-03T00:00:00+00:00 [queued]>
[2024-11-11T10:41:20.116+0000] {taskinstance.py:2866} INFO - Starting attempt 1 of 2
[2024-11-11T10:41:20.151+0000] {taskinstance.py:2889} INFO - Executing <Task(PythonOperator): fetch_book_data> on 2024-07-03 00:00:00+00:00
[2024-11-11T10:41:20.160+0000] {warnings.py:112} WARNING - /home/***/.local/lib/python3.12/site-packages/***/task/task_runner/standard_task_runner.py:70: DeprecationWarning: This process (pid=286) is multi-threaded, use of fork() may lead to deadlocks in the child.
  pid = os.fork()

[2024-11-11T10:41:20.164+0000] {standard_task_runner.py:104} INFO - Running: ['***', 'tasks', 'run', 'fetch_and_store_amazon_books', 'fetch_book_data', 'scheduled__2024-07-03T00:00:00+00:00', '--job-id', '17', '--raw', '--subdir', 'DAGS_FOLDER/app.py', '--cfg-path', '/tmp/tmpv7dlyfzo']
[2024-11-11T10:41:20.169+0000] {standard_task_runner.py:72} INFO - Started process 300 to run task
[2024-11-11T10:41:20.170+0000] {standard_task_runner.py:105} INFO - Job 17: Subtask fetch_book_data
[2024-11-11T10:41:20.392+0000] {task_command.py:467} INFO - Running <TaskInstance: fetch_and_store_amazon_books.fetch_book_data scheduled__2024-07-03T00:00:00+00:00 [running]> on host 9b97cedb77c2
[2024-11-11T10:41:20.552+0000] {taskinstance.py:3132} INFO - Exporting env vars: AIRFLOW_CTX_DAG_OWNER='***' AIRFLOW_CTX_DAG_ID='fetch_and_store_amazon_books' AIRFLOW_CTX_TASK_ID='fetch_book_data' AIRFLOW_CTX_EXECUTION_DATE='2024-07-03T00:00:00+00:00' AIRFLOW_CTX_TRY_NUMBER='1' AIRFLOW_CTX_DAG_RUN_ID='scheduled__2024-07-03T00:00:00+00:00'
[2024-11-11T10:41:20.557+0000] {logging_mixin.py:190} INFO - Task instance is in running state
[2024-11-11T10:41:20.558+0000] {logging_mixin.py:190} INFO -  Previous state of the Task instance: queued
[2024-11-11T10:41:20.563+0000] {logging_mixin.py:190} INFO - Current task name:fetch_book_data state:running start_date:2024-11-11 10:41:20.111040+00:00
[2024-11-11T10:41:20.564+0000] {logging_mixin.py:190} INFO - Dag name:fetch_and_store_amazon_books and current dag run status:running
[2024-11-11T10:41:20.564+0000] {taskinstance.py:731} INFO - ::endgroup::
[2024-11-11T10:41:24.782+0000] {python.py:240} INFO - Done. Returned value was: None
[2024-11-11T10:41:24.790+0000] {taskinstance.py:340} INFO - ::group::Post task execution logs
[2024-11-11T10:41:24.791+0000] {taskinstance.py:352} INFO - Marking task as SUCCESS. dag_id=fetch_and_store_amazon_books, task_id=fetch_book_data, run_id=scheduled__2024-07-03T00:00:00+00:00, execution_date=20240703T000000, start_date=20241111T104120, end_date=20241111T104124
[2024-11-11T10:41:24.875+0000] {logging_mixin.py:190} INFO - Task instance in success state
[2024-11-11T10:41:24.876+0000] {logging_mixin.py:190} INFO -  Previous state of the Task instance: running
[2024-11-11T10:41:24.876+0000] {logging_mixin.py:190} INFO - Dag name:fetch_and_store_amazon_books queued_at:2024-11-11 10:41:16.138557+00:00
[2024-11-11T10:41:24.877+0000] {logging_mixin.py:190} INFO - Task hostname:9b97cedb77c2 operator:PythonOperator
[2024-11-11T10:41:24.933+0000] {local_task_job_runner.py:266} INFO - Task exited with return code 0
[2024-11-11T10:41:24.967+0000] {taskinstance.py:3895} INFO - 1 downstream tasks scheduled from follow-on schedule check
[2024-11-11T10:41:24.980+0000] {local_task_job_runner.py:245} INFO - ::endgroup::
[2024-11-11T10:50:39.816+0000] {local_task_job_runner.py:123} INFO - ::group::Pre task execution logs
[2024-11-11T10:50:39.830+0000] {taskinstance.py:2613} INFO - Dependencies all met for dep_context=non-requeueable deps ti=<TaskInstance: fetch_and_store_amazon_books.fetch_book_data scheduled__2024-07-03T00:00:00+00:00 [queued]>
[2024-11-11T10:50:39.836+0000] {taskinstance.py:2613} INFO - Dependencies all met for dep_context=requeueable deps ti=<TaskInstance: fetch_and_store_amazon_books.fetch_book_data scheduled__2024-07-03T00:00:00+00:00 [queued]>
[2024-11-11T10:50:39.837+0000] {taskinstance.py:2866} INFO - Starting attempt 1 of 2
[2024-11-11T10:50:39.850+0000] {taskinstance.py:2889} INFO - Executing <Task(PythonOperator): fetch_book_data> on 2024-07-03 00:00:00+00:00
[2024-11-11T10:50:39.858+0000] {warnings.py:112} WARNING - /home/***/.local/lib/python3.12/site-packages/***/task/task_runner/standard_task_runner.py:70: DeprecationWarning: This process (pid=139) is multi-threaded, use of fork() may lead to deadlocks in the child.
  pid = os.fork()

[2024-11-11T10:50:39.861+0000] {standard_task_runner.py:72} INFO - Started process 141 to run task
[2024-11-11T10:50:39.863+0000] {standard_task_runner.py:104} INFO - Running: ['***', 'tasks', 'run', 'fetch_and_store_amazon_books', 'fetch_book_data', 'scheduled__2024-07-03T00:00:00+00:00', '--job-id', '44', '--raw', '--subdir', 'DAGS_FOLDER/app.py', '--cfg-path', '/tmp/tmpzbp4cg_d']
[2024-11-11T10:50:39.865+0000] {standard_task_runner.py:105} INFO - Job 44: Subtask fetch_book_data
[2024-11-11T10:50:39.954+0000] {task_command.py:467} INFO - Running <TaskInstance: fetch_and_store_amazon_books.fetch_book_data scheduled__2024-07-03T00:00:00+00:00 [running]> on host a277cbbf8348
[2024-11-11T10:50:40.105+0000] {taskinstance.py:3132} INFO - Exporting env vars: AIRFLOW_CTX_DAG_OWNER='***' AIRFLOW_CTX_DAG_ID='fetch_and_store_amazon_books' AIRFLOW_CTX_TASK_ID='fetch_book_data' AIRFLOW_CTX_EXECUTION_DATE='2024-07-03T00:00:00+00:00' AIRFLOW_CTX_TRY_NUMBER='1' AIRFLOW_CTX_DAG_RUN_ID='scheduled__2024-07-03T00:00:00+00:00'
[2024-11-11T10:50:40.107+0000] {logging_mixin.py:190} INFO - Task instance is in running state
[2024-11-11T10:50:40.107+0000] {logging_mixin.py:190} INFO -  Previous state of the Task instance: queued
[2024-11-11T10:50:40.108+0000] {logging_mixin.py:190} INFO - Current task name:fetch_book_data state:running start_date:2024-11-11 10:50:39.832603+00:00
[2024-11-11T10:50:40.109+0000] {logging_mixin.py:190} INFO - Dag name:fetch_and_store_amazon_books and current dag run status:running
[2024-11-11T10:50:40.113+0000] {taskinstance.py:731} INFO - ::endgroup::
[2024-11-11T10:50:42.043+0000] {python.py:240} INFO - Done. Returned value was: None
[2024-11-11T10:50:42.059+0000] {taskinstance.py:340} INFO - ::group::Post task execution logs
[2024-11-11T10:50:42.060+0000] {taskinstance.py:352} INFO - Marking task as SUCCESS. dag_id=fetch_and_store_amazon_books, task_id=fetch_book_data, run_id=scheduled__2024-07-03T00:00:00+00:00, execution_date=20240703T000000, start_date=20241111T105039, end_date=20241111T105042
[2024-11-11T10:50:42.073+0000] {logging_mixin.py:190} INFO - Task instance in success state
[2024-11-11T10:50:42.074+0000] {logging_mixin.py:190} INFO -  Previous state of the Task instance: running
[2024-11-11T10:50:42.075+0000] {logging_mixin.py:190} INFO - Dag name:fetch_and_store_amazon_books queued_at:2024-11-11 10:50:36.547282+00:00
[2024-11-11T10:50:42.076+0000] {logging_mixin.py:190} INFO - Task hostname:a277cbbf8348 operator:PythonOperator
[2024-11-11T10:50:42.115+0000] {local_task_job_runner.py:266} INFO - Task exited with return code 0
[2024-11-11T10:50:42.140+0000] {taskinstance.py:3895} INFO - 1 downstream tasks scheduled from follow-on schedule check
[2024-11-11T10:50:42.142+0000] {local_task_job_runner.py:245} INFO - ::endgroup::
