[2024-11-11T10:50:48.890+0000] {local_task_job_runner.py:123} INFO - ::group::Pre task execution logs
[2024-11-11T10:50:48.902+0000] {taskinstance.py:2613} INFO - Dependencies all met for dep_context=non-requeueable deps ti=<TaskInstance: fetch_and_store_amazon_books.insert_book_data scheduled__2024-06-25T00:00:00+00:00 [queued]>
[2024-11-11T10:50:48.907+0000] {taskinstance.py:2613} INFO - Dependencies all met for dep_context=requeueable deps ti=<TaskInstance: fetch_and_store_amazon_books.insert_book_data scheduled__2024-06-25T00:00:00+00:00 [queued]>
[2024-11-11T10:50:48.908+0000] {taskinstance.py:2866} INFO - Starting attempt 1 of 2
[2024-11-11T10:50:48.916+0000] {taskinstance.py:2889} INFO - Executing <Task(PythonOperator): insert_book_data> on 2024-06-25 00:00:00+00:00
[2024-11-11T10:50:48.923+0000] {warnings.py:112} WARNING - /home/***/.local/lib/python3.12/site-packages/***/task/task_runner/standard_task_runner.py:70: DeprecationWarning: This process (pid=217) is multi-threaded, use of fork() may lead to deadlocks in the child.
  pid = os.fork()

[2024-11-11T10:50:48.925+0000] {standard_task_runner.py:72} INFO - Started process 229 to run task
[2024-11-11T10:50:48.927+0000] {standard_task_runner.py:104} INFO - Running: ['***', 'tasks', 'run', 'fetch_and_store_amazon_books', 'insert_book_data', 'scheduled__2024-06-25T00:00:00+00:00', '--job-id', '71', '--raw', '--subdir', 'DAGS_FOLDER/app.py', '--cfg-path', '/tmp/tmpz3hb5vyw']
[2024-11-11T10:50:48.928+0000] {standard_task_runner.py:105} INFO - Job 71: Subtask insert_book_data
[2024-11-11T10:50:48.976+0000] {task_command.py:467} INFO - Running <TaskInstance: fetch_and_store_amazon_books.insert_book_data scheduled__2024-06-25T00:00:00+00:00 [running]> on host a277cbbf8348
[2024-11-11T10:50:49.033+0000] {taskinstance.py:3132} INFO - Exporting env vars: AIRFLOW_CTX_DAG_OWNER='***' AIRFLOW_CTX_DAG_ID='fetch_and_store_amazon_books' AIRFLOW_CTX_TASK_ID='insert_book_data' AIRFLOW_CTX_EXECUTION_DATE='2024-06-25T00:00:00+00:00' AIRFLOW_CTX_TRY_NUMBER='1' AIRFLOW_CTX_DAG_RUN_ID='scheduled__2024-06-25T00:00:00+00:00'
[2024-11-11T10:50:49.036+0000] {logging_mixin.py:190} INFO - Task instance is in running state
[2024-11-11T10:50:49.036+0000] {logging_mixin.py:190} INFO -  Previous state of the Task instance: queued
[2024-11-11T10:50:49.037+0000] {logging_mixin.py:190} INFO - Current task name:insert_book_data state:running start_date:2024-11-11 10:50:48.903527+00:00
[2024-11-11T10:50:49.037+0000] {logging_mixin.py:190} INFO - Dag name:fetch_and_store_amazon_books and current dag run status:running
[2024-11-11T10:50:49.037+0000] {taskinstance.py:731} INFO - ::endgroup::
[2024-11-11T10:50:49.057+0000] {base.py:84} INFO - Retrieving connection 'books_connection'
[2024-11-11T10:50:49.060+0000] {sql.py:544} INFO - Running statement: 
    INSERT INTO books (title, authors, price, rating)
    VALUES (%s, %s, %s, %s)
    , parameters: ('Data Engineering with AWS - Second Edition: Acquire the skills to design and build AWS-based data transformation pipelines like a pro', 'Gareth Eagar', '41.', '4.3 out of 5 stars')
[2024-11-11T10:50:49.062+0000] {sql.py:553} INFO - Rows affected: 1
[2024-11-11T10:50:49.067+0000] {sql.py:544} INFO - Running statement: 
    INSERT INTO books (title, authors, price, rating)
    VALUES (%s, %s, %s, %s)
    , parameters: ('Data Engineering 101', 'Paperback', '22.', '3.9 out of 5 stars')
[2024-11-11T10:50:49.068+0000] {sql.py:553} INFO - Rows affected: 1
[2024-11-11T10:50:49.076+0000] {sql.py:544} INFO - Running statement: 
    INSERT INTO books (title, authors, price, rating)
    VALUES (%s, %s, %s, %s)
    , parameters: ('Next Generation Data Management: Using Your Data Assets to Drive Mission Success', 'Dr Mark Brady', '38.', '4.4 out of 5 stars')
[2024-11-11T10:50:49.078+0000] {sql.py:553} INFO - Rows affected: 1
[2024-11-11T10:50:49.083+0000] {sql.py:544} INFO - Running statement: 
    INSERT INTO books (title, authors, price, rating)
    VALUES (%s, %s, %s, %s)
    , parameters: ('Azure Data Engineer Associate Certification Guide: Ace the DP-203 exam with advanced data engineering skills', 'Giacinto Palmieri', '37.', '4.3 out of 5 stars')
[2024-11-11T10:50:49.084+0000] {sql.py:553} INFO - Rows affected: 1
[2024-11-11T10:50:49.089+0000] {sql.py:544} INFO - Running statement: 
    INSERT INTO books (title, authors, price, rating)
    VALUES (%s, %s, %s, %s)
    , parameters: ('Fundamentals of Data Engineering: Plan and Build Robust Data Systems', 'Joe Reis', '42.', '4.7 out of 5 stars')
[2024-11-11T10:50:49.091+0000] {sql.py:553} INFO - Rows affected: 1
[2024-11-11T10:50:49.100+0000] {sql.py:544} INFO - Running statement: 
    INSERT INTO books (title, authors, price, rating)
    VALUES (%s, %s, %s, %s)
    , parameters: ('Designing Data-Intensive Applications: The Big Ideas Behind Reliable, Scalable, and Maintainable Systems', 'Martin Kleppmann', '41.', '4.7 out of 5 stars')
[2024-11-11T10:50:49.101+0000] {sql.py:553} INFO - Rows affected: 1
[2024-11-11T10:50:49.104+0000] {sql.py:544} INFO - Running statement: 
    INSERT INTO books (title, authors, price, rating)
    VALUES (%s, %s, %s, %s)
    , parameters: ('Data Engineering Best Practices: Architect robust and cost-effective data solutions in the cloud era', 'Richard J. Schiller', '49.', '5.0 out of 5 stars')
[2024-11-11T10:50:49.107+0000] {sql.py:553} INFO - Rows affected: 1
[2024-11-11T10:50:49.113+0000] {sql.py:544} INFO - Running statement: 
    INSERT INTO books (title, authors, price, rating)
    VALUES (%s, %s, %s, %s)
    , parameters: ('Data Engineering with dbt: A practical guide to building a cloud-based, pragmatic, and dependable data platform with SQL', 'Roberto Zagni', '37.', '4.6 out of 5 stars')
[2024-11-11T10:50:49.113+0000] {sql.py:553} INFO - Rows affected: 1
[2024-11-11T10:50:49.122+0000] {sql.py:544} INFO - Running statement: 
    INSERT INTO books (title, authors, price, rating)
    VALUES (%s, %s, %s, %s)
    , parameters: ("Azure Data Factory Cookbook: A data engineer's guide to building and managing ETL and ELT pipelines with data integration", 'Dmitry Foshin', '51.', '4.1 out of 5 stars')
[2024-11-11T10:50:49.123+0000] {sql.py:553} INFO - Rows affected: 1
[2024-11-11T10:50:49.130+0000] {sql.py:544} INFO - Running statement: 
    INSERT INTO books (title, authors, price, rating)
    VALUES (%s, %s, %s, %s)
    , parameters: ('Data Modeling with Snowflake: A practical guide to accelerating Snowflake development using universal data modeling techniques', 'Serge Gershkovich', '36.', '4.8 out of 5 stars')
[2024-11-11T10:50:49.131+0000] {sql.py:553} INFO - Rows affected: 1
[2024-11-11T10:50:49.138+0000] {sql.py:544} INFO - Running statement: 
    INSERT INTO books (title, authors, price, rating)
    VALUES (%s, %s, %s, %s)
    , parameters: ('Fundamentals of Data Analytics: Learn Essential Skills, Embrace the Future, and Catapult Your Career in the Data-Driven World—A Comprehensive Guide to Data Literacy for Beginners', 'Russell Dawson', '17.', '4.7 out of 5 stars')
[2024-11-11T10:50:49.140+0000] {sql.py:553} INFO - Rows affected: 1
[2024-11-11T10:50:49.144+0000] {sql.py:544} INFO - Running statement: 
    INSERT INTO books (title, authors, price, rating)
    VALUES (%s, %s, %s, %s)
    , parameters: ('Data Pipelines Pocket Reference: Moving and Processing Data for Analytics', 'James Densmore', '17.', '4.5 out of 5 stars')
[2024-11-11T10:50:49.147+0000] {sql.py:553} INFO - Rows affected: 1
[2024-11-11T10:50:49.152+0000] {sql.py:544} INFO - Running statement: 
    INSERT INTO books (title, authors, price, rating)
    VALUES (%s, %s, %s, %s)
    , parameters: ('Data Engineering with Python: Work with massive datasets to design data models and automate data pipelines using Python', 'Paul Crickard', '37.', '4.1 out of 5 stars')
[2024-11-11T10:50:49.153+0000] {sql.py:553} INFO - Rows affected: 1
[2024-11-11T10:50:49.159+0000] {sql.py:544} INFO - Running statement: 
    INSERT INTO books (title, authors, price, rating)
    VALUES (%s, %s, %s, %s)
    , parameters: ('Data Engineering with Databricks Cookbook: Build effective data and AI solutions using Apache Spark, Databricks, and Delta Lake', 'Pulkit Chadha', '37.', '4.4 out of 5 stars')
[2024-11-11T10:50:49.160+0000] {sql.py:553} INFO - Rows affected: 1
[2024-11-11T10:50:49.170+0000] {sql.py:544} INFO - Running statement: 
    INSERT INTO books (title, authors, price, rating)
    VALUES (%s, %s, %s, %s)
    , parameters: ('Cracking the Data Engineering Interview: Land your dream job with the help of resume-building tips, over 100 mock questions, and a unique portfolio', 'Kedeisha Bryan', '26.', '4.4 out of 5 stars')
[2024-11-11T10:50:49.178+0000] {sql.py:553} INFO - Rows affected: 1
[2024-11-11T10:50:49.187+0000] {sql.py:544} INFO - Running statement: 
    INSERT INTO books (title, authors, price, rating)
    VALUES (%s, %s, %s, %s)
    , parameters: ('Ace the Data Engineering Interview: Questions and Answers for Python, SQL, Data Modeling and More', 'Sean Coyne', '24.', '3.8 out of 5 stars')
[2024-11-11T10:50:49.189+0000] {sql.py:553} INFO - Rows affected: 1
[2024-11-11T10:50:49.193+0000] {sql.py:544} INFO - Running statement: 
    INSERT INTO books (title, authors, price, rating)
    VALUES (%s, %s, %s, %s)
    , parameters: ('Fighting Churn with Data: The science and strategy of customer retention', 'Carl S. Gold', '56.', '4.4 out of 5 stars')
[2024-11-11T10:50:49.194+0000] {sql.py:553} INFO - Rows affected: 1
[2024-11-11T10:50:49.210+0000] {sql.py:544} INFO - Running statement: 
    INSERT INTO books (title, authors, price, rating)
    VALUES (%s, %s, %s, %s)
    , parameters: ('Ultimate Azure Data Engineering: Build Robust Data Engineering Systems on Azure with SQL, ETL, Data Modeling, and Power BI for Business Insights and Crack Azure Certifications (English Edition)', 'Ashish Agarwal', '39.', '4.7 out of 5 stars')
[2024-11-11T10:50:49.211+0000] {sql.py:553} INFO - Rows affected: 1
[2024-11-11T10:50:49.224+0000] {sql.py:544} INFO - Running statement: 
    INSERT INTO books (title, authors, price, rating)
    VALUES (%s, %s, %s, %s)
    , parameters: ('Essentials of Data Engineering', 'Dr. Mukesh Saini', '19.', '5.0 out of 5 stars')
[2024-11-11T10:50:49.225+0000] {sql.py:553} INFO - Rows affected: 1
[2024-11-11T10:50:49.238+0000] {sql.py:544} INFO - Running statement: 
    INSERT INTO books (title, authors, price, rating)
    VALUES (%s, %s, %s, %s)
    , parameters: ('Data Engineering with Apache Spark, Delta Lake, and Lakehouse: Create scalable pipelines that ingest, curate, and aggregate complex data in a timely and secure way', 'Manoj Kukreja', '46.', '3.9 out of 5 stars')
[2024-11-11T10:50:49.239+0000] {sql.py:553} INFO - Rows affected: 1
[2024-11-11T10:50:49.243+0000] {sql.py:544} INFO - Running statement: 
    INSERT INTO books (title, authors, price, rating)
    VALUES (%s, %s, %s, %s)
    , parameters: ('Data Engineering with Python cookbook: Learn to build efficient data pipelines using the Modern Cloud Data Stack', 'Adithyan Ramanujakootam', '32.', '5.0 out of 5 stars')
[2024-11-11T10:50:49.244+0000] {sql.py:553} INFO - Rows affected: 1
[2024-11-11T10:50:49.251+0000] {sql.py:544} INFO - Running statement: 
    INSERT INTO books (title, authors, price, rating)
    VALUES (%s, %s, %s, %s)
    , parameters: ('Data Engineering with AWS: Learn how to design and build cloud-based data transformation pipelines using AWS', 'Gareth Eagar', '49.', '4.4 out of 5 stars')
[2024-11-11T10:50:49.252+0000] {sql.py:553} INFO - Rows affected: 1
[2024-11-11T10:50:49.261+0000] {sql.py:544} INFO - Running statement: 
    INSERT INTO books (title, authors, price, rating)
    VALUES (%s, %s, %s, %s)
    , parameters: ('Fundamentals of Data Engineering: A Comprehensive Guide to Designing, Building, and Managing Data Pipelines, Storage Solutions, and Processing Frameworks.', 'Sam Green', '14.', '5.0 out of 5 stars')
[2024-11-11T10:50:49.262+0000] {sql.py:553} INFO - Rows affected: 1
[2024-11-11T10:50:49.271+0000] {sql.py:544} INFO - Running statement: 
    INSERT INTO books (title, authors, price, rating)
    VALUES (%s, %s, %s, %s)
    , parameters: ('Data Engineering with AWS: Building Scalable Data Pipelines in the Cloud', 'May Sherry', '14.', '4.2 out of 5 stars')
[2024-11-11T10:50:49.273+0000] {sql.py:553} INFO - Rows affected: 1
[2024-11-11T10:50:49.289+0000] {sql.py:544} INFO - Running statement: 
    INSERT INTO books (title, authors, price, rating)
    VALUES (%s, %s, %s, %s)
    , parameters: ('Microsoft Azure Data Engineering: A Microsoft Azure Cloud Data Engineering, Data Integration and Data Warehousing reference guide (The Data Engineering Series)', 'Kindle Edition', '0.', '4.2 out of 5 stars')
[2024-11-11T10:50:49.294+0000] {sql.py:553} INFO - Rows affected: 1
[2024-11-11T10:50:49.304+0000] {sql.py:544} INFO - Running statement: 
    INSERT INTO books (title, authors, price, rating)
    VALUES (%s, %s, %s, %s)
    , parameters: ('Software Engineering for Data Scientists: From Notebooks to Scalable Systems', 'Catherine Nelson', '45.', '4.2 out of 5 stars')
[2024-11-11T10:50:49.305+0000] {sql.py:553} INFO - Rows affected: 1
[2024-11-11T10:50:49.311+0000] {sql.py:544} INFO - Running statement: 
    INSERT INTO books (title, authors, price, rating)
    VALUES (%s, %s, %s, %s)
    , parameters: ('Data-Driven Science and Engineering: Machine Learning, Dynamical Systems, and Control', 'Steven L. Brunton', '61.', '4.7 out of 5 stars')
[2024-11-11T10:50:49.312+0000] {sql.py:553} INFO - Rows affected: 1
[2024-11-11T10:50:49.321+0000] {sql.py:544} INFO - Running statement: 
    INSERT INTO books (title, authors, price, rating)
    VALUES (%s, %s, %s, %s)
    , parameters: ('Data Engineering with Google Cloud Platform: A practical guide to operationalizing scalable data analytics systems on GCP', 'Adi Wijaya', '39.', '4.7 out of 5 stars')
[2024-11-11T10:50:49.324+0000] {sql.py:553} INFO - Rows affected: 1
[2024-11-11T10:50:49.336+0000] {sql.py:544} INFO - Running statement: 
    INSERT INTO books (title, authors, price, rating)
    VALUES (%s, %s, %s, %s)
    , parameters: ('Data Engineering with Google Cloud Platform: A guide to leveling up as a data engineer by building a scalable data platform with Google Cloud', 'Adi Wijaya', '40.', '4.8 out of 5 stars')
[2024-11-11T10:50:49.337+0000] {sql.py:553} INFO - Rows affected: 1
[2024-11-11T10:50:49.343+0000] {sql.py:544} INFO - Running statement: 
    INSERT INTO books (title, authors, price, rating)
    VALUES (%s, %s, %s, %s)
    , parameters: ("Data: Principles To Practice - Volume 1 'Foundations': Essential Foundations: Key Concepts behind Data Architecture, Engineering and Analysis for Professionals", 'Mr Alex Holloway', '14.', '4.6 out of 5 stars')
[2024-11-11T10:50:49.346+0000] {sql.py:553} INFO - Rows affected: 1
[2024-11-11T10:50:49.357+0000] {sql.py:544} INFO - Running statement: 
    INSERT INTO books (title, authors, price, rating)
    VALUES (%s, %s, %s, %s)
    , parameters: ('DATA ENGINEERING AND AI FOR BEGINNERS: Revolutionizing Data Processing and Analytics by Leveraging Artificial Intelligence for Efficient Input Collection, Storage, and Transformation (World of AI)', 'Kindle', '0.', '4.3 out of 5 stars')
[2024-11-11T10:50:49.363+0000] {sql.py:553} INFO - Rows affected: 1
[2024-11-11T10:50:49.372+0000] {sql.py:544} INFO - Running statement: 
    INSERT INTO books (title, authors, price, rating)
    VALUES (%s, %s, %s, %s)
    , parameters: ("Ultimate Data Engineering with Databricks: Develop Scalable Data Pipelines Using Data Engineering's Core Tenets Such as Delta Tables, Ingestion, ... Security, and Scalability (English Edition)", 'Mayank Malhotra', '37.', '4.1 out of 5 stars')
[2024-11-11T10:50:49.375+0000] {sql.py:553} INFO - Rows affected: 1
[2024-11-11T10:50:49.385+0000] {sql.py:544} INFO - Running statement: 
    INSERT INTO books (title, authors, price, rating)
    VALUES (%s, %s, %s, %s)
    , parameters: ('The Data Engineering Handbook: We are Data Engineers, we make things happen, we pull rabbits out of hats, and transform raw, noisy data into gold.', 'Paperback', '9.', '5.0 out of 5 stars')
[2024-11-11T10:50:49.388+0000] {sql.py:553} INFO - Rows affected: 1
[2024-11-11T10:50:49.397+0000] {sql.py:544} INFO - Running statement: 
    INSERT INTO books (title, authors, price, rating)
    VALUES (%s, %s, %s, %s)
    , parameters: ('97 Things Every Data Engineer Should Know: Collective Wisdom from the Experts', 'Audible Audiobook', '0.', '4.2 out of 5 stars')
[2024-11-11T10:50:49.398+0000] {sql.py:553} INFO - Rows affected: 1
[2024-11-11T10:50:49.408+0000] {sql.py:544} INFO - Running statement: 
    INSERT INTO books (title, authors, price, rating)
    VALUES (%s, %s, %s, %s)
    , parameters: ('Machine Learning Engineering', 'Andriy Burkov', '39.', '4.7 out of 5 stars')
[2024-11-11T10:50:49.409+0000] {sql.py:553} INFO - Rows affected: 1
[2024-11-11T10:50:49.417+0000] {sql.py:544} INFO - Running statement: 
    INSERT INTO books (title, authors, price, rating)
    VALUES (%s, %s, %s, %s)
    , parameters: ('Invisible Women: Data Bias in a World Designed for Men', 'Caroline Criado Perez', '15.', '4.6 out of 5 stars')
[2024-11-11T10:50:49.418+0000] {sql.py:553} INFO - Rows affected: 1
[2024-11-11T10:50:49.426+0000] {sql.py:544} INFO - Running statement: 
    INSERT INTO books (title, authors, price, rating)
    VALUES (%s, %s, %s, %s)
    , parameters: ('Data Engineering with AWS', 'May Sherry', '14.', '5.0 out of 5 stars')
[2024-11-11T10:50:49.427+0000] {sql.py:553} INFO - Rows affected: 1
[2024-11-11T10:50:49.435+0000] {sql.py:544} INFO - Running statement: 
    INSERT INTO books (title, authors, price, rating)
    VALUES (%s, %s, %s, %s)
    , parameters: ('Fundamentals of Data Visualization: A Primer on Making Informative and Compelling Figures', 'Claus O. Wilke', '49.', '4.6 out of 5 stars')
[2024-11-11T10:50:49.435+0000] {sql.py:553} INFO - Rows affected: 1
[2024-11-11T10:50:49.442+0000] {sql.py:544} INFO - Running statement: 
    INSERT INTO books (title, authors, price, rating)
    VALUES (%s, %s, %s, %s)
    , parameters: ('Prompt Engineering for Generative AI: Future-Proof Inputs for Reliable AI Outputs', 'James Phoenix', '53.', '4.5 out of 5 stars')
[2024-11-11T10:50:49.445+0000] {sql.py:553} INFO - Rows affected: 1
[2024-11-11T10:50:49.451+0000] {sql.py:544} INFO - Running statement: 
    INSERT INTO books (title, authors, price, rating)
    VALUES (%s, %s, %s, %s)
    , parameters: ('Fundamentals of Analytics Engineering: An introduction to building end-to-end analytics solutions', 'Dumky De Wilde', '27.', '3.9 out of 5 stars')
[2024-11-11T10:50:49.453+0000] {sql.py:553} INFO - Rows affected: 1
[2024-11-11T10:50:49.458+0000] {sql.py:544} INFO - Running statement: 
    INSERT INTO books (title, authors, price, rating)
    VALUES (%s, %s, %s, %s)
    , parameters: ('Data Mesh: Delivering Data-Driven Value at Scale', 'Audible Audiobook', '0.', '4.5 out of 5 stars')
[2024-11-11T10:50:49.459+0000] {sql.py:553} INFO - Rows affected: 1
[2024-11-11T10:50:49.465+0000] {sql.py:544} INFO - Running statement: 
    INSERT INTO books (title, authors, price, rating)
    VALUES (%s, %s, %s, %s)
    , parameters: ('Python Data Engineering Resources: Forge Your Path to Success in Data Engineering, Machine Learning and AI', 'Vajo Lukic', '0.', '4.9 out of 5 stars')
[2024-11-11T10:50:49.466+0000] {sql.py:553} INFO - Rows affected: 1
[2024-11-11T10:50:49.473+0000] {sql.py:544} INFO - Running statement: 
    INSERT INTO books (title, authors, price, rating)
    VALUES (%s, %s, %s, %s)
    , parameters: ('Mastering AWS Data Engineering: A Step-by-Step Guide', 'Paperback', '12.', '5.0 out of 5 stars')
[2024-11-11T10:50:49.473+0000] {sql.py:553} INFO - Rows affected: 1
[2024-11-11T10:50:49.479+0000] {sql.py:544} INFO - Running statement: 
    INSERT INTO books (title, authors, price, rating)
    VALUES (%s, %s, %s, %s)
    , parameters: ('Data Engineering with Databricks', 'Kindle', '0.', '3.4 out of 5 stars')
[2024-11-11T10:50:49.481+0000] {sql.py:553} INFO - Rows affected: 1
[2024-11-11T10:50:49.488+0000] {sql.py:544} INFO - Running statement: 
    INSERT INTO books (title, authors, price, rating)
    VALUES (%s, %s, %s, %s)
    , parameters: ('Data Privacy: A runbook for engineers', 'Nishant Bhajaria', '35.', '4.8 out of 5 stars')
[2024-11-11T10:50:49.491+0000] {sql.py:553} INFO - Rows affected: 1
[2024-11-11T10:50:49.497+0000] {sql.py:544} INFO - Running statement: 
    INSERT INTO books (title, authors, price, rating)
    VALUES (%s, %s, %s, %s)
    , parameters: ('Data Engineering with Alteryx: Helping data engineers apply DataOps practices with Alteryx', 'Paul Houghton', '44.', '4.3 out of 5 stars')
[2024-11-11T10:50:49.499+0000] {sql.py:553} INFO - Rows affected: 1
[2024-11-11T10:50:49.505+0000] {sql.py:544} INFO - Running statement: 
    INSERT INTO books (title, authors, price, rating)
    VALUES (%s, %s, %s, %s)
    , parameters: ('Data Engineering with Scala and Spark: A practical guide helping you build streaming and batch pipelines that process massive amounts of data using Scala', 'Eric Tome', '36.', '4.1 out of 5 stars')
[2024-11-11T10:50:49.507+0000] {sql.py:553} INFO - Rows affected: 1
[2024-11-11T10:50:49.512+0000] {sql.py:544} INFO - Running statement: 
    INSERT INTO books (title, authors, price, rating)
    VALUES (%s, %s, %s, %s)
    , parameters: ('Data Science on AWS: Implementing End-to-End, Continuous AI and Machine Learning Pipelines', 'Chris Fregly', '27.', '4.4 out of 5 stars')
[2024-11-11T10:50:49.516+0000] {sql.py:553} INFO - Rows affected: 1
[2024-11-11T10:50:49.526+0000] {sql.py:544} INFO - Running statement: 
    INSERT INTO books (title, authors, price, rating)
    VALUES (%s, %s, %s, %s)
    , parameters: ('Official Google Cloud Certified Professional Data Engineer Study Guide', 'Dan Sullivan', '33.', '4.5 out of 5 stars')
[2024-11-11T10:50:49.527+0000] {sql.py:553} INFO - Rows affected: 1
[2024-11-11T10:50:49.535+0000] {sql.py:544} INFO - Running statement: 
    INSERT INTO books (title, authors, price, rating)
    VALUES (%s, %s, %s, %s)
    , parameters: ('Modeling and Simulation in Python: An Introduction for Scientists and Engineers', 'Allen B. Downey', '32.', '4.5 out of 5 stars')
[2024-11-11T10:50:49.536+0000] {sql.py:553} INFO - Rows affected: 1
[2024-11-11T10:50:49.541+0000] {python.py:240} INFO - Done. Returned value was: None
[2024-11-11T10:50:49.554+0000] {taskinstance.py:340} INFO - ::group::Post task execution logs
[2024-11-11T10:50:49.556+0000] {taskinstance.py:352} INFO - Marking task as SUCCESS. dag_id=fetch_and_store_amazon_books, task_id=insert_book_data, run_id=scheduled__2024-06-25T00:00:00+00:00, execution_date=20240625T000000, start_date=20241111T105048, end_date=20241111T105049
[2024-11-11T10:50:49.566+0000] {logging_mixin.py:190} INFO - Task instance in success state
[2024-11-11T10:50:49.567+0000] {logging_mixin.py:190} INFO -  Previous state of the Task instance: running
[2024-11-11T10:50:49.567+0000] {logging_mixin.py:190} INFO - Dag name:fetch_and_store_amazon_books queued_at:2024-11-11 10:50:35.342479+00:00
[2024-11-11T10:50:49.567+0000] {logging_mixin.py:190} INFO - Task hostname:a277cbbf8348 operator:PythonOperator
[2024-11-11T10:50:49.574+0000] {local_task_job_runner.py:266} INFO - Task exited with return code 0
[2024-11-11T10:50:49.597+0000] {taskinstance.py:3895} INFO - 0 downstream tasks scheduled from follow-on schedule check
[2024-11-11T10:50:49.602+0000] {local_task_job_runner.py:245} INFO - ::endgroup::
