[2024-11-11T10:41:20.097+0000] {local_task_job_runner.py:123} INFO - ::group::Pre task execution logs
[2024-11-11T10:41:20.126+0000] {taskinstance.py:2613} INFO - Dependencies all met for dep_context=non-requeueable deps ti=<TaskInstance: fetch_and_store_amazon_books.fetch_book_data scheduled__2024-06-20T00:00:00+00:00 [queued]>
[2024-11-11T10:41:20.134+0000] {taskinstance.py:2613} INFO - Dependencies all met for dep_context=requeueable deps ti=<TaskInstance: fetch_and_store_amazon_books.fetch_book_data scheduled__2024-06-20T00:00:00+00:00 [queued]>
[2024-11-11T10:41:20.144+0000] {taskinstance.py:2866} INFO - Starting attempt 1 of 2
[2024-11-11T10:41:20.207+0000] {taskinstance.py:2889} INFO - Executing <Task(PythonOperator): fetch_book_data> on 2024-06-20 00:00:00+00:00
[2024-11-11T10:41:20.256+0000] {warnings.py:112} WARNING - /home/***/.local/lib/python3.12/site-packages/***/task/task_runner/standard_task_runner.py:70: DeprecationWarning: This process (pid=273) is multi-threaded, use of fork() may lead to deadlocks in the child.
  pid = os.fork()

[2024-11-11T10:41:20.274+0000] {standard_task_runner.py:72} INFO - Started process 313 to run task
[2024-11-11T10:41:20.278+0000] {standard_task_runner.py:104} INFO - Running: ['***', 'tasks', 'run', 'fetch_and_store_amazon_books', 'fetch_book_data', 'scheduled__2024-06-20T00:00:00+00:00', '--job-id', '20', '--raw', '--subdir', 'DAGS_FOLDER/app.py', '--cfg-path', '/tmp/tmpvrxunuro']
[2024-11-11T10:41:20.288+0000] {standard_task_runner.py:105} INFO - Job 20: Subtask fetch_book_data
[2024-11-11T10:41:20.436+0000] {task_command.py:467} INFO - Running <TaskInstance: fetch_and_store_amazon_books.fetch_book_data scheduled__2024-06-20T00:00:00+00:00 [running]> on host 9b97cedb77c2
[2024-11-11T10:41:20.563+0000] {taskinstance.py:3132} INFO - Exporting env vars: AIRFLOW_CTX_DAG_OWNER='***' AIRFLOW_CTX_DAG_ID='fetch_and_store_amazon_books' AIRFLOW_CTX_TASK_ID='fetch_book_data' AIRFLOW_CTX_EXECUTION_DATE='2024-06-20T00:00:00+00:00' AIRFLOW_CTX_TRY_NUMBER='1' AIRFLOW_CTX_DAG_RUN_ID='scheduled__2024-06-20T00:00:00+00:00'
[2024-11-11T10:41:20.566+0000] {logging_mixin.py:190} INFO - Task instance is in running state
[2024-11-11T10:41:20.567+0000] {logging_mixin.py:190} INFO -  Previous state of the Task instance: queued
[2024-11-11T10:41:20.568+0000] {logging_mixin.py:190} INFO - Current task name:fetch_book_data state:running start_date:2024-11-11 10:41:20.130772+00:00
[2024-11-11T10:41:20.568+0000] {logging_mixin.py:190} INFO - Dag name:fetch_and_store_amazon_books and current dag run status:running
[2024-11-11T10:41:20.568+0000] {taskinstance.py:731} INFO - ::endgroup::
[2024-11-11T10:41:24.860+0000] {python.py:240} INFO - Done. Returned value was: None
[2024-11-11T10:41:24.879+0000] {taskinstance.py:340} INFO - ::group::Post task execution logs
[2024-11-11T10:41:24.881+0000] {taskinstance.py:352} INFO - Marking task as SUCCESS. dag_id=fetch_and_store_amazon_books, task_id=fetch_book_data, run_id=scheduled__2024-06-20T00:00:00+00:00, execution_date=20240620T000000, start_date=20241111T104120, end_date=20241111T104124
[2024-11-11T10:41:24.893+0000] {logging_mixin.py:190} INFO - Task instance in success state
[2024-11-11T10:41:24.894+0000] {logging_mixin.py:190} INFO -  Previous state of the Task instance: running
[2024-11-11T10:41:24.894+0000] {logging_mixin.py:190} INFO - Dag name:fetch_and_store_amazon_books queued_at:2024-11-11 10:41:13.877342+00:00
[2024-11-11T10:41:24.894+0000] {logging_mixin.py:190} INFO - Task hostname:9b97cedb77c2 operator:PythonOperator
[2024-11-11T10:41:24.942+0000] {local_task_job_runner.py:266} INFO - Task exited with return code 0
[2024-11-11T10:41:25.004+0000] {taskinstance.py:3895} INFO - 1 downstream tasks scheduled from follow-on schedule check
[2024-11-11T10:41:25.009+0000] {local_task_job_runner.py:245} INFO - ::endgroup::
[2024-11-11T10:50:39.805+0000] {local_task_job_runner.py:123} INFO - ::group::Pre task execution logs
[2024-11-11T10:50:39.825+0000] {taskinstance.py:2613} INFO - Dependencies all met for dep_context=non-requeueable deps ti=<TaskInstance: fetch_and_store_amazon_books.fetch_book_data scheduled__2024-06-20T00:00:00+00:00 [queued]>
[2024-11-11T10:50:39.843+0000] {taskinstance.py:2613} INFO - Dependencies all met for dep_context=requeueable deps ti=<TaskInstance: fetch_and_store_amazon_books.fetch_book_data scheduled__2024-06-20T00:00:00+00:00 [queued]>
[2024-11-11T10:50:39.844+0000] {taskinstance.py:2866} INFO - Starting attempt 1 of 2
[2024-11-11T10:50:39.864+0000] {taskinstance.py:2889} INFO - Executing <Task(PythonOperator): fetch_book_data> on 2024-06-20 00:00:00+00:00
[2024-11-11T10:50:39.874+0000] {warnings.py:112} WARNING - /home/***/.local/lib/python3.12/site-packages/***/task/task_runner/standard_task_runner.py:70: DeprecationWarning: This process (pid=126) is multi-threaded, use of fork() may lead to deadlocks in the child.
  pid = os.fork()

[2024-11-11T10:50:39.879+0000] {standard_task_runner.py:72} INFO - Started process 146 to run task
[2024-11-11T10:50:39.879+0000] {standard_task_runner.py:104} INFO - Running: ['***', 'tasks', 'run', 'fetch_and_store_amazon_books', 'fetch_book_data', 'scheduled__2024-06-20T00:00:00+00:00', '--job-id', '43', '--raw', '--subdir', 'DAGS_FOLDER/app.py', '--cfg-path', '/tmp/tmpg5_iy5lo']
[2024-11-11T10:50:39.885+0000] {standard_task_runner.py:105} INFO - Job 43: Subtask fetch_book_data
[2024-11-11T10:50:39.987+0000] {task_command.py:467} INFO - Running <TaskInstance: fetch_and_store_amazon_books.fetch_book_data scheduled__2024-06-20T00:00:00+00:00 [running]> on host a277cbbf8348
[2024-11-11T10:50:40.124+0000] {taskinstance.py:3132} INFO - Exporting env vars: AIRFLOW_CTX_DAG_OWNER='***' AIRFLOW_CTX_DAG_ID='fetch_and_store_amazon_books' AIRFLOW_CTX_TASK_ID='fetch_book_data' AIRFLOW_CTX_EXECUTION_DATE='2024-06-20T00:00:00+00:00' AIRFLOW_CTX_TRY_NUMBER='1' AIRFLOW_CTX_DAG_RUN_ID='scheduled__2024-06-20T00:00:00+00:00'
[2024-11-11T10:50:40.126+0000] {logging_mixin.py:190} INFO - Task instance is in running state
[2024-11-11T10:50:40.128+0000] {logging_mixin.py:190} INFO -  Previous state of the Task instance: queued
[2024-11-11T10:50:40.128+0000] {logging_mixin.py:190} INFO - Current task name:fetch_book_data state:running start_date:2024-11-11 10:50:39.828916+00:00
[2024-11-11T10:50:40.128+0000] {logging_mixin.py:190} INFO - Dag name:fetch_and_store_amazon_books and current dag run status:running
[2024-11-11T10:50:40.129+0000] {taskinstance.py:731} INFO - ::endgroup::
[2024-11-11T10:50:42.551+0000] {python.py:240} INFO - Done. Returned value was: None
[2024-11-11T10:50:42.563+0000] {taskinstance.py:340} INFO - ::group::Post task execution logs
[2024-11-11T10:50:42.565+0000] {taskinstance.py:352} INFO - Marking task as SUCCESS. dag_id=fetch_and_store_amazon_books, task_id=fetch_book_data, run_id=scheduled__2024-06-20T00:00:00+00:00, execution_date=20240620T000000, start_date=20241111T105039, end_date=20241111T105042
[2024-11-11T10:50:42.587+0000] {logging_mixin.py:190} INFO - Task instance in success state
[2024-11-11T10:50:42.588+0000] {logging_mixin.py:190} INFO -  Previous state of the Task instance: running
[2024-11-11T10:50:42.589+0000] {logging_mixin.py:190} INFO - Dag name:fetch_and_store_amazon_books queued_at:2024-11-11 10:50:34.439060+00:00
[2024-11-11T10:50:42.591+0000] {logging_mixin.py:190} INFO - Task hostname:a277cbbf8348 operator:PythonOperator
[2024-11-11T10:50:42.627+0000] {local_task_job_runner.py:266} INFO - Task exited with return code 0
[2024-11-11T10:50:42.642+0000] {local_task_job_runner.py:245} INFO - ::endgroup::
