[2024-11-11T10:41:20.102+0000] {local_task_job_runner.py:123} INFO - ::group::Pre task execution logs
[2024-11-11T10:41:20.126+0000] {taskinstance.py:2613} INFO - Dependencies all met for dep_context=non-requeueable deps ti=<TaskInstance: fetch_and_store_amazon_books.fetch_book_data scheduled__2024-06-30T00:00:00+00:00 [queued]>
[2024-11-11T10:41:20.148+0000] {taskinstance.py:2613} INFO - Dependencies all met for dep_context=requeueable deps ti=<TaskInstance: fetch_and_store_amazon_books.fetch_book_data scheduled__2024-06-30T00:00:00+00:00 [queued]>
[2024-11-11T10:41:20.150+0000] {taskinstance.py:2866} INFO - Starting attempt 1 of 2
[2024-11-11T10:41:20.205+0000] {taskinstance.py:2889} INFO - Executing <Task(PythonOperator): fetch_book_data> on 2024-06-30 00:00:00+00:00
[2024-11-11T10:41:20.243+0000] {warnings.py:112} WARNING - /home/***/.local/lib/python3.12/site-packages/***/task/task_runner/standard_task_runner.py:70: DeprecationWarning: This process (pid=283) is multi-threaded, use of fork() may lead to deadlocks in the child.
  pid = os.fork()

[2024-11-11T10:41:20.254+0000] {standard_task_runner.py:72} INFO - Started process 314 to run task
[2024-11-11T10:41:20.286+0000] {standard_task_runner.py:104} INFO - Running: ['***', 'tasks', 'run', 'fetch_and_store_amazon_books', 'fetch_book_data', 'scheduled__2024-06-30T00:00:00+00:00', '--job-id', '21', '--raw', '--subdir', 'DAGS_FOLDER/app.py', '--cfg-path', '/tmp/tmpyyzyw422']
[2024-11-11T10:41:20.302+0000] {standard_task_runner.py:105} INFO - Job 21: Subtask fetch_book_data
[2024-11-11T10:41:20.454+0000] {task_command.py:467} INFO - Running <TaskInstance: fetch_and_store_amazon_books.fetch_book_data scheduled__2024-06-30T00:00:00+00:00 [running]> on host 9b97cedb77c2
[2024-11-11T10:41:20.619+0000] {taskinstance.py:3132} INFO - Exporting env vars: AIRFLOW_CTX_DAG_OWNER='***' AIRFLOW_CTX_DAG_ID='fetch_and_store_amazon_books' AIRFLOW_CTX_TASK_ID='fetch_book_data' AIRFLOW_CTX_EXECUTION_DATE='2024-06-30T00:00:00+00:00' AIRFLOW_CTX_TRY_NUMBER='1' AIRFLOW_CTX_DAG_RUN_ID='scheduled__2024-06-30T00:00:00+00:00'
[2024-11-11T10:41:20.624+0000] {logging_mixin.py:190} INFO - Task instance is in running state
[2024-11-11T10:41:20.625+0000] {logging_mixin.py:190} INFO -  Previous state of the Task instance: queued
[2024-11-11T10:41:20.626+0000] {logging_mixin.py:190} INFO - Current task name:fetch_book_data state:running start_date:2024-11-11 10:41:20.137607+00:00
[2024-11-11T10:41:20.626+0000] {logging_mixin.py:190} INFO - Dag name:fetch_and_store_amazon_books and current dag run status:running
[2024-11-11T10:41:20.631+0000] {taskinstance.py:731} INFO - ::endgroup::
[2024-11-11T10:41:24.791+0000] {python.py:240} INFO - Done. Returned value was: None
[2024-11-11T10:41:24.806+0000] {taskinstance.py:340} INFO - ::group::Post task execution logs
[2024-11-11T10:41:24.806+0000] {taskinstance.py:352} INFO - Marking task as SUCCESS. dag_id=fetch_and_store_amazon_books, task_id=fetch_book_data, run_id=scheduled__2024-06-30T00:00:00+00:00, execution_date=20240630T000000, start_date=20241111T104120, end_date=20241111T104124
[2024-11-11T10:41:24.873+0000] {logging_mixin.py:190} INFO - Task instance in success state
[2024-11-11T10:41:24.876+0000] {logging_mixin.py:190} INFO -  Previous state of the Task instance: running
[2024-11-11T10:41:24.877+0000] {logging_mixin.py:190} INFO - Dag name:fetch_and_store_amazon_books queued_at:2024-11-11 10:41:15.675962+00:00
[2024-11-11T10:41:24.880+0000] {logging_mixin.py:190} INFO - Task hostname:9b97cedb77c2 operator:PythonOperator
[2024-11-11T10:41:24.924+0000] {local_task_job_runner.py:266} INFO - Task exited with return code 0
[2024-11-11T10:41:24.979+0000] {taskinstance.py:3895} INFO - 1 downstream tasks scheduled from follow-on schedule check
[2024-11-11T10:41:24.988+0000] {local_task_job_runner.py:245} INFO - ::endgroup::
[2024-11-11T10:50:39.887+0000] {local_task_job_runner.py:123} INFO - ::group::Pre task execution logs
[2024-11-11T10:50:39.899+0000] {taskinstance.py:2613} INFO - Dependencies all met for dep_context=non-requeueable deps ti=<TaskInstance: fetch_and_store_amazon_books.fetch_book_data scheduled__2024-06-30T00:00:00+00:00 [queued]>
[2024-11-11T10:50:39.912+0000] {taskinstance.py:2613} INFO - Dependencies all met for dep_context=requeueable deps ti=<TaskInstance: fetch_and_store_amazon_books.fetch_book_data scheduled__2024-06-30T00:00:00+00:00 [queued]>
[2024-11-11T10:50:39.912+0000] {taskinstance.py:2866} INFO - Starting attempt 1 of 2
[2024-11-11T10:50:39.940+0000] {taskinstance.py:2889} INFO - Executing <Task(PythonOperator): fetch_book_data> on 2024-06-30 00:00:00+00:00
[2024-11-11T10:50:39.952+0000] {warnings.py:112} WARNING - /home/***/.local/lib/python3.12/site-packages/***/task/task_runner/standard_task_runner.py:70: DeprecationWarning: This process (pid=136) is multi-threaded, use of fork() may lead to deadlocks in the child.
  pid = os.fork()

[2024-11-11T10:50:39.962+0000] {standard_task_runner.py:72} INFO - Started process 159 to run task
[2024-11-11T10:50:39.963+0000] {standard_task_runner.py:104} INFO - Running: ['***', 'tasks', 'run', 'fetch_and_store_amazon_books', 'fetch_book_data', 'scheduled__2024-06-30T00:00:00+00:00', '--job-id', '52', '--raw', '--subdir', 'DAGS_FOLDER/app.py', '--cfg-path', '/tmp/tmp_f1a5pe3']
[2024-11-11T10:50:39.966+0000] {standard_task_runner.py:105} INFO - Job 52: Subtask fetch_book_data
[2024-11-11T10:50:40.102+0000] {task_command.py:467} INFO - Running <TaskInstance: fetch_and_store_amazon_books.fetch_book_data scheduled__2024-06-30T00:00:00+00:00 [running]> on host a277cbbf8348
[2024-11-11T10:50:40.218+0000] {taskinstance.py:3132} INFO - Exporting env vars: AIRFLOW_CTX_DAG_OWNER='***' AIRFLOW_CTX_DAG_ID='fetch_and_store_amazon_books' AIRFLOW_CTX_TASK_ID='fetch_book_data' AIRFLOW_CTX_EXECUTION_DATE='2024-06-30T00:00:00+00:00' AIRFLOW_CTX_TRY_NUMBER='1' AIRFLOW_CTX_DAG_RUN_ID='scheduled__2024-06-30T00:00:00+00:00'
[2024-11-11T10:50:40.220+0000] {logging_mixin.py:190} INFO - Task instance is in running state
[2024-11-11T10:50:40.220+0000] {logging_mixin.py:190} INFO -  Previous state of the Task instance: queued
[2024-11-11T10:50:40.221+0000] {logging_mixin.py:190} INFO - Current task name:fetch_book_data state:running start_date:2024-11-11 10:50:39.900692+00:00
[2024-11-11T10:50:40.221+0000] {logging_mixin.py:190} INFO - Dag name:fetch_and_store_amazon_books and current dag run status:running
[2024-11-11T10:50:40.221+0000] {taskinstance.py:731} INFO - ::endgroup::
[2024-11-11T10:50:42.047+0000] {python.py:240} INFO - Done. Returned value was: None
[2024-11-11T10:50:42.059+0000] {taskinstance.py:340} INFO - ::group::Post task execution logs
[2024-11-11T10:50:42.060+0000] {taskinstance.py:352} INFO - Marking task as SUCCESS. dag_id=fetch_and_store_amazon_books, task_id=fetch_book_data, run_id=scheduled__2024-06-30T00:00:00+00:00, execution_date=20240630T000000, start_date=20241111T105039, end_date=20241111T105042
[2024-11-11T10:50:42.071+0000] {logging_mixin.py:190} INFO - Task instance in success state
[2024-11-11T10:50:42.071+0000] {logging_mixin.py:190} INFO -  Previous state of the Task instance: running
[2024-11-11T10:50:42.071+0000] {logging_mixin.py:190} INFO - Dag name:fetch_and_store_amazon_books queued_at:2024-11-11 10:50:36.025209+00:00
[2024-11-11T10:50:42.072+0000] {logging_mixin.py:190} INFO - Task hostname:a277cbbf8348 operator:PythonOperator
[2024-11-11T10:50:42.111+0000] {local_task_job_runner.py:266} INFO - Task exited with return code 0
[2024-11-11T10:50:42.132+0000] {taskinstance.py:3895} INFO - 1 downstream tasks scheduled from follow-on schedule check
[2024-11-11T10:50:42.133+0000] {local_task_job_runner.py:245} INFO - ::endgroup::
